This file contains any messages produced by compilers while
running configure, to aid debugging if configure makes a mistake.

It was created by Global Arrays (GA) configure 5.8.0, which was
generated by GNU Autoconf 2.71.  Invocation command line was

  $ ../ga-5.8.2/configure --prefix=/home/ondra_d/CODE/nwchem/src/tools/install SCOREP_WRAPPER=OFF -q --enable-silent-rules --with-tcgmsg '--with-mpi=-I/apps/openmpi/openmpi-4.1.1/arch/x86_64-intel_19.1.3/include -I/apps/openmpi/openmpi-4.1.1/arch/x86_64-intel_19.1.3/lib -L/apps/openmpi/openmpi-4.1.1/arch/x86_64-intel_19.1.3/lib -lmpi_usempif08 -lmpi_usempi_ignore_tkr -lmpi_mpifh -lmpi' --enable-peigs --enable-underscoring --disable-mpi-tests --without-scalapack --with-lapack=-lmkl_lapack95_ilp64 '--with-blas8=-I/apps/intel/compilers_and_libraries_2020.4.304/linux/mkl/include -L/apps/intel/compilers_and_libraries_2020.4.304/linux/mkl/lib/intel64_lin -Wl,--start-group -lmkl_sequential -lmkl_intel_lp64 -lmkl_core -Wl,--end-group -lpthread' --with-mpi-ts CC=icc CXX=g++ F77=ifort FFLAGS=-fPIC ARMCI_DEFAULT_SHMMAX_UBOUND=131072

## --------- ##
## Platform. ##
## --------- ##

hostname = fock
uname -m = x86_64
uname -r = 4.19.0-20-amd64
uname -s = Linux
uname -v = #1 SMP Debian 4.19.235-1 (2022-03-17)

/usr/bin/uname -p = unknown
/bin/uname -X     = unknown

/bin/arch              = x86_64
/usr/bin/arch -k       = unknown
/usr/convex/getsysinfo = unknown
/usr/bin/hostinfo      = unknown
/bin/machine           = unknown
/usr/bin/oslevel       = unknown
/bin/universe          = unknown

PATH: /apps/intel/compilers_and_libraries_2020.4.304/linux/bin/intel64/
PATH: /apps/intel/compilers_and_libraries_2020.4.304/linux/bin/
PATH: /apps/intel/compilers_and_libraries_2020.4.304/linux/mpi/intel64/libfabric/bin/
PATH: /apps/intel/compilers_and_libraries_2020.4.304/linux/mpi/intel64/bin/
PATH: /apps/intel/debugger_2020/gdb/intel64/bin/
PATH: /usr/local/bin/
PATH: /usr/bin/
PATH: /bin/
PATH: /usr/local/games/
PATH: /usr/games/
PATH: /apps/openmpi/openmpi-4.1.1/arch/x86_64-intel_19.1.3/bin/


## ----------- ##
## Core tests. ##
## ----------- ##

configure:3748: looking for aux files: ltmain.sh missing install-sh config.guess config.sub
configure:3761:  trying ../ga-5.8.2/build-aux/
configure:3790:   ../ga-5.8.2/build-aux/ltmain.sh found
configure:3790:   ../ga-5.8.2/build-aux/missing found
configure:3772:   ../ga-5.8.2/build-aux/install-sh found
configure:3790:   ../ga-5.8.2/build-aux/config.guess found
configure:3790:   ../ga-5.8.2/build-aux/config.sub found
configure:3916: checking build system type
configure:3931: result: x86_64-pc-linux-gnu
configure:3951: checking host system type
configure:3965: result: x86_64-pc-linux-gnu
configure:4020: checking for TARGET base (64bit-ness checked later)
configure:4077: result: LINUX
configure:4082: checking whether we think this system is what we call SYSV
configure:4096: result: yes
configure:4308: checking whether we are cross compiling
configure:4320: result: no
configure:4376: checking for a BSD-compatible install
configure:4449: result: /usr/bin/install -c
configure:4460: checking whether build environment is sane
configure:4510: result: yes
configure:4663: checking for a race-free mkdir -p
configure:4707: result: /usr/bin/mkdir -p
configure:4720: checking for gawk
configure:4755: result: no
configure:4720: checking for mawk
configure:4741: found /usr/bin/mawk
configure:4752: result: mawk
configure:4763: checking whether make sets $(MAKE)
configure:4786: result: yes
configure:4816: checking whether make supports nested variables
configure:4834: result: yes
configure:4906: checking whether to enable maintainer-specific portions of Makefiles
configure:4916: result: no
configure:4947: Detected VPATH build
configure:5264: 
configure:5266: C compiler
configure:5268: 
configure:5293: checking for style of include used by make
configure:5321: result: GNU
configure:5522: checking for C compiler version
configure:5531: icc --version >&5
icc (ICC) 19.1.3.304 20200925
Copyright (C) 1985-2020 Intel Corporation.  All rights reserved.

configure:5542: $? = 0
configure:5531: icc -v >&5
icc version 19.1.3.304 (gcc version 8.3.0 compatibility)
configure:5542: $? = 0
configure:5531: icc -V >&5
Intel(R) C Intel(R) 64 Compiler for applications running on Intel(R) 64, Version 19.1.3.304 Build 20200925_000000
Copyright (C) 1985-2020 Intel Corporation.  All rights reserved.

configure:5542: $? = 0
configure:5531: icc -qversion >&5
icc: command line warning #10006: ignoring unknown option '-qversion'
icc: command line error: no files specified; for help type "icc -help"
configure:5542: $? = 1
configure:5531: icc -version >&5
icc: command line warning #10006: ignoring unknown option '-version'
icc: command line error: no files specified; for help type "icc -help"
configure:5542: $? = 1
configure:5562: checking whether the C compiler works
configure:5584: icc    conftest.c  >&5
configure:5588: $? = 0
configure:5638: result: yes
configure:5641: checking for C compiler default output file name
configure:5643: result: a.out
configure:5649: checking for suffix of executables
configure:5656: icc -o conftest    conftest.c  >&5
configure:5660: $? = 0
configure:5683: result: 
configure:5705: checking whether we are cross compiling
configure:5713: icc -o conftest    conftest.c  >&5
configure:5717: $? = 0
configure:5724: ./conftest
configure:5728: $? = 0
configure:5716: result: no
configure:5721: checking for suffix of object files
configure:5744: icc -c   conftest.c >&5
configure:5748: $? = 0
configure:5770: result: o
configure:5774: checking whether the compiler supports GNU C
configure:5794: icc -c   conftest.c >&5
configure:5794: $? = 0
configure:5804: result: yes
configure:5815: checking whether icc accepts -g
configure:5836: icc -c -g  conftest.c >&5
configure:5836: $? = 0
configure:5880: result: yes
configure:5900: checking for icc option to enable C11 features
configure:5915: icc  -c -g -O2  conftest.c >&5
configure:5915: $? = 0
configure:5933: result: none needed
configure:6045: checking dependency style of icc
configure:6157: result: gcc3
configure:6179: checking for stdio.h
configure:6179: icc -c   conftest.c >&5
configure:6179: $? = 0
configure:6179: result: yes
configure:6179: checking for stdlib.h
configure:6179: icc -c   conftest.c >&5
configure:6179: $? = 0
configure:6179: result: yes
configure:6179: checking for string.h
configure:6179: icc -c   conftest.c >&5
configure:6179: $? = 0
configure:6179: result: yes
configure:6179: checking for inttypes.h
configure:6179: icc -c   conftest.c >&5
configure:6179: $? = 0
configure:6179: result: yes
configure:6179: checking for stdint.h
configure:6179: icc -c   conftest.c >&5
configure:6179: $? = 0
configure:6179: result: yes
configure:6179: checking for strings.h
configure:6179: icc -c   conftest.c >&5
configure:6179: $? = 0
configure:6179: result: yes
configure:6179: checking for sys/stat.h
configure:6179: icc -c   conftest.c >&5
configure:6179: $? = 0
configure:6179: result: yes
configure:6179: checking for sys/types.h
configure:6179: icc -c   conftest.c >&5
configure:6179: $? = 0
configure:6179: result: yes
configure:6179: checking for unistd.h
configure:6179: icc -c   conftest.c >&5
configure:6179: $? = 0
configure:6179: result: yes
configure:6179: checking for wchar.h
configure:6179: icc -c   conftest.c >&5
configure:6179: $? = 0
configure:6179: result: yes
configure:6179: checking for minix/config.h
configure:6179: icc -c   conftest.c >&5
conftest.c(55): catastrophic error: cannot open source file "minix/config.h"
  #include <minix/config.h>
                           ^

compilation aborted for conftest.c (code 4)
configure:6179: $? = 4
configure: failed program was:
| /* confdefs.h */
| #define PACKAGE_NAME "Global Arrays (GA)"
| #define PACKAGE_TARNAME "ga"
| #define PACKAGE_VERSION "5.8.0"
| #define PACKAGE_STRING "Global Arrays (GA) 5.8.0"
| #define PACKAGE_BUGREPORT "hpctools@pnl.gov"
| #define PACKAGE_URL "http://hpc.pnl.gov/globalarrays/"
| #define LINUX 1
| #define SYSV 1
| #define PACKAGE "ga"
| #define VERSION "5.8.0"
| #define MSG_COMMS_MPI 1
| #define ENABLE_PEIGS 1
| #define ENABLE_EISPACK 0
| #define ENABLE_PROFILING 0
| #define HAVE_STDIO_H 1
| #define HAVE_STDLIB_H 1
| #define HAVE_STRING_H 1
| #define HAVE_INTTYPES_H 1
| #define HAVE_STDINT_H 1
| #define HAVE_STRINGS_H 1
| #define HAVE_SYS_STAT_H 1
| #define HAVE_SYS_TYPES_H 1
| #define HAVE_UNISTD_H 1
| #define HAVE_WCHAR_H 1
| /* end confdefs.h.  */
| #include <stddef.h>
| #ifdef HAVE_STDIO_H
| # include <stdio.h>
| #endif
| #ifdef HAVE_STDLIB_H
| # include <stdlib.h>
| #endif
| #ifdef HAVE_STRING_H
| # include <string.h>
| #endif
| #ifdef HAVE_INTTYPES_H
| # include <inttypes.h>
| #endif
| #ifdef HAVE_STDINT_H
| # include <stdint.h>
| #endif
| #ifdef HAVE_STRINGS_H
| # include <strings.h>
| #endif
| #ifdef HAVE_SYS_TYPES_H
| # include <sys/types.h>
| #endif
| #ifdef HAVE_SYS_STAT_H
| # include <sys/stat.h>
| #endif
| #ifdef HAVE_UNISTD_H
| # include <unistd.h>
| #endif
| #include <minix/config.h>
configure:6179: result: no
configure:6179: checking for vfork.h
configure:6179: icc -c   conftest.c >&5
conftest.c(55): catastrophic error: cannot open source file "vfork.h"
  #include <vfork.h>
                    ^

compilation aborted for conftest.c (code 4)
configure:6179: $? = 4
configure: failed program was:
| /* confdefs.h */
| #define PACKAGE_NAME "Global Arrays (GA)"
| #define PACKAGE_TARNAME "ga"
| #define PACKAGE_VERSION "5.8.0"
| #define PACKAGE_STRING "Global Arrays (GA) 5.8.0"
| #define PACKAGE_BUGREPORT "hpctools@pnl.gov"
| #define PACKAGE_URL "http://hpc.pnl.gov/globalarrays/"
| #define LINUX 1
| #define SYSV 1
| #define PACKAGE "ga"
| #define VERSION "5.8.0"
| #define MSG_COMMS_MPI 1
| #define ENABLE_PEIGS 1
| #define ENABLE_EISPACK 0
| #define ENABLE_PROFILING 0
| #define HAVE_STDIO_H 1
| #define HAVE_STDLIB_H 1
| #define HAVE_STRING_H 1
| #define HAVE_INTTYPES_H 1
| #define HAVE_STDINT_H 1
| #define HAVE_STRINGS_H 1
| #define HAVE_SYS_STAT_H 1
| #define HAVE_SYS_TYPES_H 1
| #define HAVE_UNISTD_H 1
| #define HAVE_WCHAR_H 1
| /* end confdefs.h.  */
| #include <stddef.h>
| #ifdef HAVE_STDIO_H
| # include <stdio.h>
| #endif
| #ifdef HAVE_STDLIB_H
| # include <stdlib.h>
| #endif
| #ifdef HAVE_STRING_H
| # include <string.h>
| #endif
| #ifdef HAVE_INTTYPES_H
| # include <inttypes.h>
| #endif
| #ifdef HAVE_STDINT_H
| # include <stdint.h>
| #endif
| #ifdef HAVE_STRINGS_H
| # include <strings.h>
| #endif
| #ifdef HAVE_SYS_TYPES_H
| # include <sys/types.h>
| #endif
| #ifdef HAVE_SYS_STAT_H
| # include <sys/stat.h>
| #endif
| #ifdef HAVE_UNISTD_H
| # include <unistd.h>
| #endif
| #include <vfork.h>
configure:6179: result: no
configure:6179: checking for sys/param.h
configure:6179: icc -c   conftest.c >&5
configure:6179: $? = 0
configure:6179: result: yes
configure:6179: checking for sys/select.h
configure:6179: icc -c   conftest.c >&5
configure:6179: $? = 0
configure:6179: result: yes
configure:6179: checking for sys/socket.h
configure:6179: icc -c   conftest.c >&5
configure:6179: $? = 0
configure:6179: result: yes
configure:6210: checking whether it is safe to define __EXTENSIONS__
configure:6229: icc -c   conftest.c >&5
configure:6229: $? = 0
configure:6237: result: yes
configure:6240: checking whether _XOPEN_SOURCE should be defined
configure:6262: icc -c   conftest.c >&5
configure:6262: $? = 0
configure:6289: result: no
configure:6347: checking for C compiler vendor
configure:6418: icc -c   conftest.c >&5
configure:6418: $? = 0
configure:6428: result: intel
configure:6851: icc -o conftest     conftest.c  >&5
configure:6851: $? = 0
configure:6851: ./conftest
configure:6851: $? = 0
configure:7040: checking whether a simple C MPI program compiles
configure:7047: icc -c     -I/apps/openmpi/openmpi-4.1.1/arch/x86_64-intel_19.1.3/include -I/apps/openmpi/openmpi-4.1.1/arch/x86_64-intel_19.1.3/lib conftest.c >&5
configure:7047: $? = 0
configure:7056: result: yes
configure:7352: icc -o conftest     conftest.c  >&5
configure:7352: $? = 0
configure:7352: ./conftest
configure:7352: $? = 0
configure:7357: checking for TARGET 64bit-ness
configure:7370: result: LINUX64
configure:8944: icc -o conftest     conftest.c  >&5
configure:8944: $? = 0
configure:8944: ./conftest
configure:8944: $? = 0
configure:12799: searching for MPI_TS...
configure:14292: checking whether to enable assertions
configure:14313: result: yes
configure:14319: checking for dirent.h that defines DIR
configure:14339: icc -c    conftest.c >&5
configure:14339: $? = 0
configure:14348: result: yes
configure:14362: checking for library containing opendir
configure:14392: icc -o conftest     conftest.c  >&5
configure:14392: $? = 0
configure:14412: result: none required
configure:14483: checking for _Bool
configure:14483: icc -c    conftest.c >&5
configure:14483: $? = 0
configure:14483: icc -c    conftest.c >&5
conftest.c(87): error: expected an expression
  if (sizeof ((_Bool)))
                     ^

compilation aborted for conftest.c (code 2)
configure:14483: $? = 2
configure: failed program was:
| /* confdefs.h */
| #define PACKAGE_NAME "Global Arrays (GA)"
| #define PACKAGE_TARNAME "ga"
| #define PACKAGE_VERSION "5.8.0"
| #define PACKAGE_STRING "Global Arrays (GA) 5.8.0"
| #define PACKAGE_BUGREPORT "hpctools@pnl.gov"
| #define PACKAGE_URL "http://hpc.pnl.gov/globalarrays/"
| #define LINUX 1
| #define SYSV 1
| #define PACKAGE "ga"
| #define VERSION "5.8.0"
| #define MSG_COMMS_MPI 1
| #define ENABLE_PEIGS 1
| #define ENABLE_EISPACK 0
| #define ENABLE_PROFILING 0
| #define HAVE_STDIO_H 1
| #define HAVE_STDLIB_H 1
| #define HAVE_STRING_H 1
| #define HAVE_INTTYPES_H 1
| #define HAVE_STDINT_H 1
| #define HAVE_STRINGS_H 1
| #define HAVE_SYS_STAT_H 1
| #define HAVE_SYS_TYPES_H 1
| #define HAVE_UNISTD_H 1
| #define HAVE_WCHAR_H 1
| #define HAVE_SYS_PARAM_H 1
| #define HAVE_SYS_SELECT_H 1
| #define HAVE_SYS_SOCKET_H 1
| #define STDC_HEADERS 1
| #define _ALL_SOURCE 1
| #define _DARWIN_C_SOURCE 1
| #define _GNU_SOURCE 1
| #define _HPUX_ALT_XOPEN_SOCKET_API 1
| #define _NETBSD_SOURCE 1
| #define _OPENBSD_SOURCE 1
| #define _POSIX_PTHREAD_SEMANTICS 1
| #define __STDC_WANT_IEC_60559_ATTRIBS_EXT__ 1
| #define __STDC_WANT_IEC_60559_BFP_EXT__ 1
| #define __STDC_WANT_IEC_60559_DFP_EXT__ 1
| #define __STDC_WANT_IEC_60559_FUNCS_EXT__ 1
| #define __STDC_WANT_IEC_60559_TYPES_EXT__ 1
| #define __STDC_WANT_LIB_EXT2__ 1
| #define __STDC_WANT_MATH_SPEC_FUNCS__ 1
| #define _TANDEM_SOURCE 1
| #define __EXTENSIONS__ 1
| #define LINUX64 1
| #define HAVE_ARMCI_GROUP_COMM 1
| #define HAVE_ARMCI_INITIALIZED 1
| #define HAVE_ARMCI_NOTIFY 1
| #define HAVE_ARMCI_MSG_INIT 1
| #define HAVE_ARMCI_MSG_FINALIZE 1
| #define HAVE_ARMCI_STRIDE_INFO_INIT 1
| #define NEED_DELAY_TCGMSG_MPI_STARTUP 0
| #define HAVE_DIRENT_H 1
| /* end confdefs.h.  */
| #include <stddef.h>
| #ifdef HAVE_STDIO_H
| # include <stdio.h>
| #endif
| #ifdef HAVE_STDLIB_H
| # include <stdlib.h>
| #endif
| #ifdef HAVE_STRING_H
| # include <string.h>
| #endif
| #ifdef HAVE_INTTYPES_H
| # include <inttypes.h>
| #endif
| #ifdef HAVE_STDINT_H
| # include <stdint.h>
| #endif
| #ifdef HAVE_STRINGS_H
| # include <strings.h>
| #endif
| #ifdef HAVE_SYS_TYPES_H
| # include <sys/types.h>
| #endif
| #ifdef HAVE_SYS_STAT_H
| # include <sys/stat.h>
| #endif
| #ifdef HAVE_UNISTD_H
| # include <unistd.h>
| #endif
| int
| main (void)
| {
| if (sizeof ((_Bool)))
| 	    return 0;
|   ;
|   return 0;
| }
configure:14483: result: yes
configure:14492: checking for stdbool.h that conforms to C99
configure:14608: icc -c    conftest.c >&5
configure:14608: $? = 0
configure:14616: result: yes
configure:14625: checking for grep that handles long lines and -e
configure:14689: result: /usr/bin/grep
configure:14697: checking for egrep
configure:14765: result: /usr/bin/grep -E
configure:14771: checking for sys/wait.h that is POSIX.1 compatible
configure:14798: icc -c    conftest.c >&5
configure:14798: $? = 0
configure:14806: result: yes
configure:14816: checking for assert.h
configure:14816: icc -c    conftest.c >&5
configure:14816: $? = 0
configure:14816: result: yes
configure:14831: checking for errno.h
configure:14831: icc -c    conftest.c >&5
configure:14831: $? = 0
configure:14831: result: yes
configure:14846: checking for fcntl.h
configure:14846: icc -c    conftest.c >&5
configure:14846: $? = 0
configure:14846: result: yes
configure:14861: checking for ffio.h
configure:14861: icc -c    conftest.c >&5
conftest.c(90): catastrophic error: cannot open source file "ffio.h"
  #include <ffio.h>
                   ^

compilation aborted for conftest.c (code 4)
configure:14861: $? = 4
configure: failed program was:
| /* confdefs.h */
| #define PACKAGE_NAME "Global Arrays (GA)"
| #define PACKAGE_TARNAME "ga"
| #define PACKAGE_VERSION "5.8.0"
| #define PACKAGE_STRING "Global Arrays (GA) 5.8.0"
| #define PACKAGE_BUGREPORT "hpctools@pnl.gov"
| #define PACKAGE_URL "http://hpc.pnl.gov/globalarrays/"
| #define LINUX 1
| #define SYSV 1
| #define PACKAGE "ga"
| #define VERSION "5.8.0"
| #define MSG_COMMS_MPI 1
| #define ENABLE_PEIGS 1
| #define ENABLE_EISPACK 0
| #define ENABLE_PROFILING 0
| #define HAVE_STDIO_H 1
| #define HAVE_STDLIB_H 1
| #define HAVE_STRING_H 1
| #define HAVE_INTTYPES_H 1
| #define HAVE_STDINT_H 1
| #define HAVE_STRINGS_H 1
| #define HAVE_SYS_STAT_H 1
| #define HAVE_SYS_TYPES_H 1
| #define HAVE_UNISTD_H 1
| #define HAVE_WCHAR_H 1
| #define HAVE_SYS_PARAM_H 1
| #define HAVE_SYS_SELECT_H 1
| #define HAVE_SYS_SOCKET_H 1
| #define STDC_HEADERS 1
| #define _ALL_SOURCE 1
| #define _DARWIN_C_SOURCE 1
| #define _GNU_SOURCE 1
| #define _HPUX_ALT_XOPEN_SOCKET_API 1
| #define _NETBSD_SOURCE 1
| #define _OPENBSD_SOURCE 1
| #define _POSIX_PTHREAD_SEMANTICS 1
| #define __STDC_WANT_IEC_60559_ATTRIBS_EXT__ 1
| #define __STDC_WANT_IEC_60559_BFP_EXT__ 1
| #define __STDC_WANT_IEC_60559_DFP_EXT__ 1
| #define __STDC_WANT_IEC_60559_FUNCS_EXT__ 1
| #define __STDC_WANT_IEC_60559_TYPES_EXT__ 1
| #define __STDC_WANT_LIB_EXT2__ 1
| #define __STDC_WANT_MATH_SPEC_FUNCS__ 1
| #define _TANDEM_SOURCE 1
| #define __EXTENSIONS__ 1
| #define LINUX64 1
| #define HAVE_ARMCI_GROUP_COMM 1
| #define HAVE_ARMCI_INITIALIZED 1
| #define HAVE_ARMCI_NOTIFY 1
| #define HAVE_ARMCI_MSG_INIT 1
| #define HAVE_ARMCI_MSG_FINALIZE 1
| #define HAVE_ARMCI_STRIDE_INFO_INIT 1
| #define NEED_DELAY_TCGMSG_MPI_STARTUP 0
| #define HAVE_DIRENT_H 1
| #define HAVE__BOOL 1
| #define HAVE_STDBOOL_H 1
| #define HAVE_SYS_WAIT_H 1
| #define HAVE_ASSERT_H 1
| #define HAVE_ERRNO_H 1
| #define HAVE_FCNTL_H 1
| /* end confdefs.h.  */
| #include <stddef.h>
| #ifdef HAVE_STDIO_H
| # include <stdio.h>
| #endif
| #ifdef HAVE_STDLIB_H
| # include <stdlib.h>
| #endif
| #ifdef HAVE_STRING_H
| # include <string.h>
| #endif
| #ifdef HAVE_INTTYPES_H
| # include <inttypes.h>
| #endif
| #ifdef HAVE_STDINT_H
| # include <stdint.h>
| #endif
| #ifdef HAVE_STRINGS_H
| # include <strings.h>
| #endif
| #ifdef HAVE_SYS_TYPES_H
| # include <sys/types.h>
| #endif
| #ifdef HAVE_SYS_STAT_H
| # include <sys/stat.h>
| #endif
| #ifdef HAVE_UNISTD_H
| # include <unistd.h>
| #endif
| #include <ffio.h>
configure:14861: result: no
configure:14876: checking for limits.h
configure:14876: icc -c    conftest.c >&5
configure:14876: $? = 0
configure:14876: result: yes
configure:14891: checking for linux/limits.h
configure:14891: icc -c    conftest.c >&5
configure:14891: $? = 0
configure:14891: result: yes
configure:14906: checking for malloc.h
configure:14906: icc -c    conftest.c >&5
configure:14906: $? = 0
configure:14906: result: yes
configure:14921: checking for math.h
configure:14921: icc -c    conftest.c >&5
configure:14921: $? = 0
configure:14921: result: yes
configure:14936: checking for stddef.h
configure:14936: icc -c    conftest.c >&5
configure:14936: $? = 0
configure:14936: result: yes
configure:14951: checking for stdint.h
configure:14951: result: yes
configure:14966: checking for stdio.h
configure:14966: result: yes
configure:14981: checking for stdlib.h
configure:14981: result: yes
configure:14996: checking for string.h
configure:14996: result: yes
configure:15011: checking for strings.h
configure:15011: result: yes
configure:15026: checking for sys/file.h
configure:15026: icc -c    conftest.c >&5
configure:15026: $? = 0
configure:15026: result: yes
configure:15041: checking for sys/fsid.h
configure:15041: icc -c    conftest.c >&5
conftest.c(102): catastrophic error: cannot open source file "sys/fsid.h"
  #include <sys/fsid.h>
                       ^

compilation aborted for conftest.c (code 4)
configure:15041: $? = 4
configure: failed program was:
| /* confdefs.h */
| #define PACKAGE_NAME "Global Arrays (GA)"
| #define PACKAGE_TARNAME "ga"
| #define PACKAGE_VERSION "5.8.0"
| #define PACKAGE_STRING "Global Arrays (GA) 5.8.0"
| #define PACKAGE_BUGREPORT "hpctools@pnl.gov"
| #define PACKAGE_URL "http://hpc.pnl.gov/globalarrays/"
| #define LINUX 1
| #define SYSV 1
| #define PACKAGE "ga"
| #define VERSION "5.8.0"
| #define MSG_COMMS_MPI 1
| #define ENABLE_PEIGS 1
| #define ENABLE_EISPACK 0
| #define ENABLE_PROFILING 0
| #define HAVE_STDIO_H 1
| #define HAVE_STDLIB_H 1
| #define HAVE_STRING_H 1
| #define HAVE_INTTYPES_H 1
| #define HAVE_STDINT_H 1
| #define HAVE_STRINGS_H 1
| #define HAVE_SYS_STAT_H 1
| #define HAVE_SYS_TYPES_H 1
| #define HAVE_UNISTD_H 1
| #define HAVE_WCHAR_H 1
| #define HAVE_SYS_PARAM_H 1
| #define HAVE_SYS_SELECT_H 1
| #define HAVE_SYS_SOCKET_H 1
| #define STDC_HEADERS 1
| #define _ALL_SOURCE 1
| #define _DARWIN_C_SOURCE 1
| #define _GNU_SOURCE 1
| #define _HPUX_ALT_XOPEN_SOCKET_API 1
| #define _NETBSD_SOURCE 1
| #define _OPENBSD_SOURCE 1
| #define _POSIX_PTHREAD_SEMANTICS 1
| #define __STDC_WANT_IEC_60559_ATTRIBS_EXT__ 1
| #define __STDC_WANT_IEC_60559_BFP_EXT__ 1
| #define __STDC_WANT_IEC_60559_DFP_EXT__ 1
| #define __STDC_WANT_IEC_60559_FUNCS_EXT__ 1
| #define __STDC_WANT_IEC_60559_TYPES_EXT__ 1
| #define __STDC_WANT_LIB_EXT2__ 1
| #define __STDC_WANT_MATH_SPEC_FUNCS__ 1
| #define _TANDEM_SOURCE 1
| #define __EXTENSIONS__ 1
| #define LINUX64 1
| #define HAVE_ARMCI_GROUP_COMM 1
| #define HAVE_ARMCI_INITIALIZED 1
| #define HAVE_ARMCI_NOTIFY 1
| #define HAVE_ARMCI_MSG_INIT 1
| #define HAVE_ARMCI_MSG_FINALIZE 1
| #define HAVE_ARMCI_STRIDE_INFO_INIT 1
| #define NEED_DELAY_TCGMSG_MPI_STARTUP 0
| #define HAVE_DIRENT_H 1
| #define HAVE__BOOL 1
| #define HAVE_STDBOOL_H 1
| #define HAVE_SYS_WAIT_H 1
| #define HAVE_ASSERT_H 1
| #define HAVE_ERRNO_H 1
| #define HAVE_FCNTL_H 1
| #define HAVE_FFIO_H 0
| #define HAVE_LIMITS_H 1
| #define HAVE_LINUX_LIMITS_H 1
| #define HAVE_MALLOC_H 1
| #define HAVE_MATH_H 1
| #define HAVE_STDDEF_H 1
| #define HAVE_STDINT_H 1
| #define HAVE_STDIO_H 1
| #define HAVE_STDLIB_H 1
| #define HAVE_STRING_H 1
| #define HAVE_STRINGS_H 1
| #define HAVE_SYS_FILE_H 1
| /* end confdefs.h.  */
| #include <stddef.h>
| #ifdef HAVE_STDIO_H
| # include <stdio.h>
| #endif
| #ifdef HAVE_STDLIB_H
| # include <stdlib.h>
| #endif
| #ifdef HAVE_STRING_H
| # include <string.h>
| #endif
| #ifdef HAVE_INTTYPES_H
| # include <inttypes.h>
| #endif
| #ifdef HAVE_STDINT_H
| # include <stdint.h>
| #endif
| #ifdef HAVE_STRINGS_H
| # include <strings.h>
| #endif
| #ifdef HAVE_SYS_TYPES_H
| # include <sys/types.h>
| #endif
| #ifdef HAVE_SYS_STAT_H
| # include <sys/stat.h>
| #endif
| #ifdef HAVE_UNISTD_H
| # include <unistd.h>
| #endif
| #include <sys/fsid.h>
configure:15041: result: no
configure:15056: checking for sys/fstyp.h
configure:15056: icc -c    conftest.c >&5
conftest.c(103): catastrophic error: cannot open source file "sys/fstyp.h"
  #include <sys/fstyp.h>
                        ^

compilation aborted for conftest.c (code 4)
configure:15056: $? = 4
configure: failed program was:
| /* confdefs.h */
| #define PACKAGE_NAME "Global Arrays (GA)"
| #define PACKAGE_TARNAME "ga"
| #define PACKAGE_VERSION "5.8.0"
| #define PACKAGE_STRING "Global Arrays (GA) 5.8.0"
| #define PACKAGE_BUGREPORT "hpctools@pnl.gov"
| #define PACKAGE_URL "http://hpc.pnl.gov/globalarrays/"
| #define LINUX 1
| #define SYSV 1
| #define PACKAGE "ga"
| #define VERSION "5.8.0"
| #define MSG_COMMS_MPI 1
| #define ENABLE_PEIGS 1
| #define ENABLE_EISPACK 0
| #define ENABLE_PROFILING 0
| #define HAVE_STDIO_H 1
| #define HAVE_STDLIB_H 1
| #define HAVE_STRING_H 1
| #define HAVE_INTTYPES_H 1
| #define HAVE_STDINT_H 1
| #define HAVE_STRINGS_H 1
| #define HAVE_SYS_STAT_H 1
| #define HAVE_SYS_TYPES_H 1
| #define HAVE_UNISTD_H 1
| #define HAVE_WCHAR_H 1
| #define HAVE_SYS_PARAM_H 1
| #define HAVE_SYS_SELECT_H 1
| #define HAVE_SYS_SOCKET_H 1
| #define STDC_HEADERS 1
| #define _ALL_SOURCE 1
| #define _DARWIN_C_SOURCE 1
| #define _GNU_SOURCE 1
| #define _HPUX_ALT_XOPEN_SOCKET_API 1
| #define _NETBSD_SOURCE 1
| #define _OPENBSD_SOURCE 1
| #define _POSIX_PTHREAD_SEMANTICS 1
| #define __STDC_WANT_IEC_60559_ATTRIBS_EXT__ 1
| #define __STDC_WANT_IEC_60559_BFP_EXT__ 1
| #define __STDC_WANT_IEC_60559_DFP_EXT__ 1
| #define __STDC_WANT_IEC_60559_FUNCS_EXT__ 1
| #define __STDC_WANT_IEC_60559_TYPES_EXT__ 1
| #define __STDC_WANT_LIB_EXT2__ 1
| #define __STDC_WANT_MATH_SPEC_FUNCS__ 1
| #define _TANDEM_SOURCE 1
| #define __EXTENSIONS__ 1
| #define LINUX64 1
| #define HAVE_ARMCI_GROUP_COMM 1
| #define HAVE_ARMCI_INITIALIZED 1
| #define HAVE_ARMCI_NOTIFY 1
| #define HAVE_ARMCI_MSG_INIT 1
| #define HAVE_ARMCI_MSG_FINALIZE 1
| #define HAVE_ARMCI_STRIDE_INFO_INIT 1
| #define NEED_DELAY_TCGMSG_MPI_STARTUP 0
| #define HAVE_DIRENT_H 1
| #define HAVE__BOOL 1
| #define HAVE_STDBOOL_H 1
| #define HAVE_SYS_WAIT_H 1
| #define HAVE_ASSERT_H 1
| #define HAVE_ERRNO_H 1
| #define HAVE_FCNTL_H 1
| #define HAVE_FFIO_H 0
| #define HAVE_LIMITS_H 1
| #define HAVE_LINUX_LIMITS_H 1
| #define HAVE_MALLOC_H 1
| #define HAVE_MATH_H 1
| #define HAVE_STDDEF_H 1
| #define HAVE_STDINT_H 1
| #define HAVE_STDIO_H 1
| #define HAVE_STDLIB_H 1
| #define HAVE_STRING_H 1
| #define HAVE_STRINGS_H 1
| #define HAVE_SYS_FILE_H 1
| #define HAVE_SYS_FSID_H 0
| /* end confdefs.h.  */
| #include <stddef.h>
| #ifdef HAVE_STDIO_H
| # include <stdio.h>
| #endif
| #ifdef HAVE_STDLIB_H
| # include <stdlib.h>
| #endif
| #ifdef HAVE_STRING_H
| # include <string.h>
| #endif
| #ifdef HAVE_INTTYPES_H
| # include <inttypes.h>
| #endif
| #ifdef HAVE_STDINT_H
| # include <stdint.h>
| #endif
| #ifdef HAVE_STRINGS_H
| # include <strings.h>
| #endif
| #ifdef HAVE_SYS_TYPES_H
| # include <sys/types.h>
| #endif
| #ifdef HAVE_SYS_STAT_H
| # include <sys/stat.h>
| #endif
| #ifdef HAVE_UNISTD_H
| # include <unistd.h>
| #endif
| #include <sys/fstyp.h>
configure:15056: result: no
configure:15071: checking for sys/ioctl.h
configure:15071: icc -c    conftest.c >&5
configure:15071: $? = 0
configure:15071: result: yes
configure:15086: checking for sys/iosw.h
configure:15086: icc -c    conftest.c >&5
conftest.c(105): catastrophic error: cannot open source file "sys/iosw.h"
  #include <sys/iosw.h>
                       ^

compilation aborted for conftest.c (code 4)
configure:15086: $? = 4
configure: failed program was:
| /* confdefs.h */
| #define PACKAGE_NAME "Global Arrays (GA)"
| #define PACKAGE_TARNAME "ga"
| #define PACKAGE_VERSION "5.8.0"
| #define PACKAGE_STRING "Global Arrays (GA) 5.8.0"
| #define PACKAGE_BUGREPORT "hpctools@pnl.gov"
| #define PACKAGE_URL "http://hpc.pnl.gov/globalarrays/"
| #define LINUX 1
| #define SYSV 1
| #define PACKAGE "ga"
| #define VERSION "5.8.0"
| #define MSG_COMMS_MPI 1
| #define ENABLE_PEIGS 1
| #define ENABLE_EISPACK 0
| #define ENABLE_PROFILING 0
| #define HAVE_STDIO_H 1
| #define HAVE_STDLIB_H 1
| #define HAVE_STRING_H 1
| #define HAVE_INTTYPES_H 1
| #define HAVE_STDINT_H 1
| #define HAVE_STRINGS_H 1
| #define HAVE_SYS_STAT_H 1
| #define HAVE_SYS_TYPES_H 1
| #define HAVE_UNISTD_H 1
| #define HAVE_WCHAR_H 1
| #define HAVE_SYS_PARAM_H 1
| #define HAVE_SYS_SELECT_H 1
| #define HAVE_SYS_SOCKET_H 1
| #define STDC_HEADERS 1
| #define _ALL_SOURCE 1
| #define _DARWIN_C_SOURCE 1
| #define _GNU_SOURCE 1
| #define _HPUX_ALT_XOPEN_SOCKET_API 1
| #define _NETBSD_SOURCE 1
| #define _OPENBSD_SOURCE 1
| #define _POSIX_PTHREAD_SEMANTICS 1
| #define __STDC_WANT_IEC_60559_ATTRIBS_EXT__ 1
| #define __STDC_WANT_IEC_60559_BFP_EXT__ 1
| #define __STDC_WANT_IEC_60559_DFP_EXT__ 1
| #define __STDC_WANT_IEC_60559_FUNCS_EXT__ 1
| #define __STDC_WANT_IEC_60559_TYPES_EXT__ 1
| #define __STDC_WANT_LIB_EXT2__ 1
| #define __STDC_WANT_MATH_SPEC_FUNCS__ 1
| #define _TANDEM_SOURCE 1
| #define __EXTENSIONS__ 1
| #define LINUX64 1
| #define HAVE_ARMCI_GROUP_COMM 1
| #define HAVE_ARMCI_INITIALIZED 1
| #define HAVE_ARMCI_NOTIFY 1
| #define HAVE_ARMCI_MSG_INIT 1
| #define HAVE_ARMCI_MSG_FINALIZE 1
| #define HAVE_ARMCI_STRIDE_INFO_INIT 1
| #define NEED_DELAY_TCGMSG_MPI_STARTUP 0
| #define HAVE_DIRENT_H 1
| #define HAVE__BOOL 1
| #define HAVE_STDBOOL_H 1
| #define HAVE_SYS_WAIT_H 1
| #define HAVE_ASSERT_H 1
| #define HAVE_ERRNO_H 1
| #define HAVE_FCNTL_H 1
| #define HAVE_FFIO_H 0
| #define HAVE_LIMITS_H 1
| #define HAVE_LINUX_LIMITS_H 1
| #define HAVE_MALLOC_H 1
| #define HAVE_MATH_H 1
| #define HAVE_STDDEF_H 1
| #define HAVE_STDINT_H 1
| #define HAVE_STDIO_H 1
| #define HAVE_STDLIB_H 1
| #define HAVE_STRING_H 1
| #define HAVE_STRINGS_H 1
| #define HAVE_SYS_FILE_H 1
| #define HAVE_SYS_FSID_H 0
| #define HAVE_SYS_FSTYP_H 0
| #define HAVE_SYS_IOCTL_H 1
| /* end confdefs.h.  */
| #include <stddef.h>
| #ifdef HAVE_STDIO_H
| # include <stdio.h>
| #endif
| #ifdef HAVE_STDLIB_H
| # include <stdlib.h>
| #endif
| #ifdef HAVE_STRING_H
| # include <string.h>
| #endif
| #ifdef HAVE_INTTYPES_H
| # include <inttypes.h>
| #endif
| #ifdef HAVE_STDINT_H
| # include <stdint.h>
| #endif
| #ifdef HAVE_STRINGS_H
| # include <strings.h>
| #endif
| #ifdef HAVE_SYS_TYPES_H
| # include <sys/types.h>
| #endif
| #ifdef HAVE_SYS_STAT_H
| # include <sys/stat.h>
| #endif
| #ifdef HAVE_UNISTD_H
| # include <unistd.h>
| #endif
| #include <sys/iosw.h>
configure:15086: result: no
configure:15101: checking for sys/ipc.h
configure:15101: icc -c    conftest.c >&5
configure:15101: $? = 0
configure:15101: result: yes
configure:15116: checking for sys/mman.h
configure:15116: icc -c    conftest.c >&5
configure:15116: $? = 0
configure:15116: result: yes
configure:15131: checking for sys/mount.h
configure:15131: icc -c    conftest.c >&5
configure:15131: $? = 0
configure:15131: result: yes
configure:15146: checking for sys/param.h
configure:15146: result: yes
configure:15161: checking for sys/sem.h
configure:15161: icc -c    conftest.c >&5
configure:15161: $? = 0
configure:15161: result: yes
configure:15176: checking for sys/shm.h
configure:15176: icc -c    conftest.c >&5
configure:15176: $? = 0
configure:15176: result: yes
configure:15191: checking for sys/statfs.h
configure:15191: icc -c    conftest.c >&5
configure:15191: $? = 0
configure:15191: result: yes
configure:15206: checking for sys/stat.h
configure:15206: result: yes
configure:15221: checking for sys/statvfs.h
configure:15221: icc -c    conftest.c >&5
configure:15221: $? = 0
configure:15221: result: yes
configure:15236: checking for sys/time.h
configure:15236: icc -c    conftest.c >&5
configure:15236: $? = 0
configure:15236: result: yes
configure:15251: checking for sys/types.h
configure:15251: result: yes
configure:15266: checking for sys/vfs.h
configure:15266: icc -c    conftest.c >&5
configure:15266: $? = 0
configure:15266: result: yes
configure:15281: checking for time.h
configure:15281: icc -c    conftest.c >&5
configure:15281: $? = 0
configure:15281: result: yes
configure:15296: checking for unistd.h
configure:15296: result: yes
configure:15311: checking for windows.h
configure:15311: icc -c    conftest.c >&5
conftest.c(120): catastrophic error: cannot open source file "windows.h"
  #include <windows.h>
                      ^

compilation aborted for conftest.c (code 4)
configure:15311: $? = 4
configure: failed program was:
| /* confdefs.h */
| #define PACKAGE_NAME "Global Arrays (GA)"
| #define PACKAGE_TARNAME "ga"
| #define PACKAGE_VERSION "5.8.0"
| #define PACKAGE_STRING "Global Arrays (GA) 5.8.0"
| #define PACKAGE_BUGREPORT "hpctools@pnl.gov"
| #define PACKAGE_URL "http://hpc.pnl.gov/globalarrays/"
| #define LINUX 1
| #define SYSV 1
| #define PACKAGE "ga"
| #define VERSION "5.8.0"
| #define MSG_COMMS_MPI 1
| #define ENABLE_PEIGS 1
| #define ENABLE_EISPACK 0
| #define ENABLE_PROFILING 0
| #define HAVE_STDIO_H 1
| #define HAVE_STDLIB_H 1
| #define HAVE_STRING_H 1
| #define HAVE_INTTYPES_H 1
| #define HAVE_STDINT_H 1
| #define HAVE_STRINGS_H 1
| #define HAVE_SYS_STAT_H 1
| #define HAVE_SYS_TYPES_H 1
| #define HAVE_UNISTD_H 1
| #define HAVE_WCHAR_H 1
| #define HAVE_SYS_PARAM_H 1
| #define HAVE_SYS_SELECT_H 1
| #define HAVE_SYS_SOCKET_H 1
| #define STDC_HEADERS 1
| #define _ALL_SOURCE 1
| #define _DARWIN_C_SOURCE 1
| #define _GNU_SOURCE 1
| #define _HPUX_ALT_XOPEN_SOCKET_API 1
| #define _NETBSD_SOURCE 1
| #define _OPENBSD_SOURCE 1
| #define _POSIX_PTHREAD_SEMANTICS 1
| #define __STDC_WANT_IEC_60559_ATTRIBS_EXT__ 1
| #define __STDC_WANT_IEC_60559_BFP_EXT__ 1
| #define __STDC_WANT_IEC_60559_DFP_EXT__ 1
| #define __STDC_WANT_IEC_60559_FUNCS_EXT__ 1
| #define __STDC_WANT_IEC_60559_TYPES_EXT__ 1
| #define __STDC_WANT_LIB_EXT2__ 1
| #define __STDC_WANT_MATH_SPEC_FUNCS__ 1
| #define _TANDEM_SOURCE 1
| #define __EXTENSIONS__ 1
| #define LINUX64 1
| #define HAVE_ARMCI_GROUP_COMM 1
| #define HAVE_ARMCI_INITIALIZED 1
| #define HAVE_ARMCI_NOTIFY 1
| #define HAVE_ARMCI_MSG_INIT 1
| #define HAVE_ARMCI_MSG_FINALIZE 1
| #define HAVE_ARMCI_STRIDE_INFO_INIT 1
| #define NEED_DELAY_TCGMSG_MPI_STARTUP 0
| #define HAVE_DIRENT_H 1
| #define HAVE__BOOL 1
| #define HAVE_STDBOOL_H 1
| #define HAVE_SYS_WAIT_H 1
| #define HAVE_ASSERT_H 1
| #define HAVE_ERRNO_H 1
| #define HAVE_FCNTL_H 1
| #define HAVE_FFIO_H 0
| #define HAVE_LIMITS_H 1
| #define HAVE_LINUX_LIMITS_H 1
| #define HAVE_MALLOC_H 1
| #define HAVE_MATH_H 1
| #define HAVE_STDDEF_H 1
| #define HAVE_STDINT_H 1
| #define HAVE_STDIO_H 1
| #define HAVE_STDLIB_H 1
| #define HAVE_STRING_H 1
| #define HAVE_STRINGS_H 1
| #define HAVE_SYS_FILE_H 1
| #define HAVE_SYS_FSID_H 0
| #define HAVE_SYS_FSTYP_H 0
| #define HAVE_SYS_IOCTL_H 1
| #define HAVE_SYS_IOSW_H 0
| #define HAVE_SYS_IPC_H 1
| #define HAVE_SYS_MMAN_H 1
| #define HAVE_SYS_MOUNT_H 1
| #define HAVE_SYS_PARAM_H 1
| #define HAVE_SYS_SEM_H 1
| #define HAVE_SYS_SHM_H 1
| #define HAVE_SYS_STATFS_H 1
| #define HAVE_SYS_STAT_H 1
| #define HAVE_SYS_STATVFS_H 1
| #define HAVE_SYS_TIME_H 1
| #define HAVE_SYS_TYPES_H 1
| #define HAVE_SYS_VFS_H 1
| #define HAVE_TIME_H 1
| #define HAVE_UNISTD_H 1
| /* end confdefs.h.  */
| #include <stddef.h>
| #ifdef HAVE_STDIO_H
| # include <stdio.h>
| #endif
| #ifdef HAVE_STDLIB_H
| # include <stdlib.h>
| #endif
| #ifdef HAVE_STRING_H
| # include <string.h>
| #endif
| #ifdef HAVE_INTTYPES_H
| # include <inttypes.h>
| #endif
| #ifdef HAVE_STDINT_H
| # include <stdint.h>
| #endif
| #ifdef HAVE_STRINGS_H
| # include <strings.h>
| #endif
| #ifdef HAVE_SYS_TYPES_H
| # include <sys/types.h>
| #endif
| #ifdef HAVE_SYS_STAT_H
| # include <sys/stat.h>
| #endif
| #ifdef HAVE_UNISTD_H
| # include <unistd.h>
| #endif
| #include <windows.h>
configure:15311: result: no
configure:15326: checking for an ANSI C-conforming const
configure:15393: icc -c    conftest.c >&5
configure:15393: $? = 0
configure:15401: result: yes
configure:15409: checking for inline
configure:15426: icc -c    conftest.c >&5
configure:15426: $? = 0
configure:15435: result: inline
configure:15453: checking for C/C++ restrict keyword
configure:15483: icc -c    conftest.c >&5
configure:15483: $? = 0
configure:15492: result: __restrict__
configure:15503: checking for working volatile
configure:15523: icc -c    conftest.c >&5
configure:15523: $? = 0
configure:15531: result: yes
configure:15550: checking for icc option to support OpenMP
configure:15572: icc -c     conftest.c >&5
conftest.c(96): error: #error directive: "OpenMP not supported"
  #error "OpenMP not supported"
   ^

compilation aborted for conftest.c (code 2)
configure:15572: $? = 2
configure: failed program was:
| /* confdefs.h */
| #define PACKAGE_NAME "Global Arrays (GA)"
| #define PACKAGE_TARNAME "ga"
| #define PACKAGE_VERSION "5.8.0"
| #define PACKAGE_STRING "Global Arrays (GA) 5.8.0"
| #define PACKAGE_BUGREPORT "hpctools@pnl.gov"
| #define PACKAGE_URL "http://hpc.pnl.gov/globalarrays/"
| #define LINUX 1
| #define SYSV 1
| #define PACKAGE "ga"
| #define VERSION "5.8.0"
| #define MSG_COMMS_MPI 1
| #define ENABLE_PEIGS 1
| #define ENABLE_EISPACK 0
| #define ENABLE_PROFILING 0
| #define HAVE_STDIO_H 1
| #define HAVE_STDLIB_H 1
| #define HAVE_STRING_H 1
| #define HAVE_INTTYPES_H 1
| #define HAVE_STDINT_H 1
| #define HAVE_STRINGS_H 1
| #define HAVE_SYS_STAT_H 1
| #define HAVE_SYS_TYPES_H 1
| #define HAVE_UNISTD_H 1
| #define HAVE_WCHAR_H 1
| #define HAVE_SYS_PARAM_H 1
| #define HAVE_SYS_SELECT_H 1
| #define HAVE_SYS_SOCKET_H 1
| #define STDC_HEADERS 1
| #define _ALL_SOURCE 1
| #define _DARWIN_C_SOURCE 1
| #define _GNU_SOURCE 1
| #define _HPUX_ALT_XOPEN_SOCKET_API 1
| #define _NETBSD_SOURCE 1
| #define _OPENBSD_SOURCE 1
| #define _POSIX_PTHREAD_SEMANTICS 1
| #define __STDC_WANT_IEC_60559_ATTRIBS_EXT__ 1
| #define __STDC_WANT_IEC_60559_BFP_EXT__ 1
| #define __STDC_WANT_IEC_60559_DFP_EXT__ 1
| #define __STDC_WANT_IEC_60559_FUNCS_EXT__ 1
| #define __STDC_WANT_IEC_60559_TYPES_EXT__ 1
| #define __STDC_WANT_LIB_EXT2__ 1
| #define __STDC_WANT_MATH_SPEC_FUNCS__ 1
| #define _TANDEM_SOURCE 1
| #define __EXTENSIONS__ 1
| #define LINUX64 1
| #define HAVE_ARMCI_GROUP_COMM 1
| #define HAVE_ARMCI_INITIALIZED 1
| #define HAVE_ARMCI_NOTIFY 1
| #define HAVE_ARMCI_MSG_INIT 1
| #define HAVE_ARMCI_MSG_FINALIZE 1
| #define HAVE_ARMCI_STRIDE_INFO_INIT 1
| #define NEED_DELAY_TCGMSG_MPI_STARTUP 0
| #define HAVE_DIRENT_H 1
| #define HAVE__BOOL 1
| #define HAVE_STDBOOL_H 1
| #define HAVE_SYS_WAIT_H 1
| #define HAVE_ASSERT_H 1
| #define HAVE_ERRNO_H 1
| #define HAVE_FCNTL_H 1
| #define HAVE_FFIO_H 0
| #define HAVE_LIMITS_H 1
| #define HAVE_LINUX_LIMITS_H 1
| #define HAVE_MALLOC_H 1
| #define HAVE_MATH_H 1
| #define HAVE_STDDEF_H 1
| #define HAVE_STDINT_H 1
| #define HAVE_STDIO_H 1
| #define HAVE_STDLIB_H 1
| #define HAVE_STRING_H 1
| #define HAVE_STRINGS_H 1
| #define HAVE_SYS_FILE_H 1
| #define HAVE_SYS_FSID_H 0
| #define HAVE_SYS_FSTYP_H 0
| #define HAVE_SYS_IOCTL_H 1
| #define HAVE_SYS_IOSW_H 0
| #define HAVE_SYS_IPC_H 1
| #define HAVE_SYS_MMAN_H 1
| #define HAVE_SYS_MOUNT_H 1
| #define HAVE_SYS_PARAM_H 1
| #define HAVE_SYS_SEM_H 1
| #define HAVE_SYS_SHM_H 1
| #define HAVE_SYS_STATFS_H 1
| #define HAVE_SYS_STAT_H 1
| #define HAVE_SYS_STATVFS_H 1
| #define HAVE_SYS_TIME_H 1
| #define HAVE_SYS_TYPES_H 1
| #define HAVE_SYS_VFS_H 1
| #define HAVE_TIME_H 1
| #define HAVE_UNISTD_H 1
| #define HAVE_WINDOWS_H 0
| #define restrict __restrict__
| /* end confdefs.h.  */
| 
| #ifndef _OPENMP
| #error "OpenMP not supported"
| #endif
| #include <omp.h>
| int main (void) { return omp_get_num_threads (); }
| 
configure:15572: icc -c   -fopenmp  conftest.c >&5
configure:15572: $? = 0
configure:15584: icc -o conftest   -fopenmp   conftest.c  >&5
configure:15584: $? = 0
configure:15607: result: -fopenmp
configure:15616: checking for int64_t
configure:15616: icc -c    conftest.c >&5
configure:15616: $? = 0
configure:15616: icc -c    conftest.c >&5
conftest.c(127): warning #61: integer operation result is out of range
  		 < (int64_t) (((((int64_t) 1 << N) << N) - 1) * 2 + 2))];
  		                                                  ^

conftest.c(126): error: the size of an array must be greater than zero
  static int test_array [1 - 2 * !((int64_t) (((((int64_t) 1 << N) << N) - 1) * 2 + 1)
                         ^

compilation aborted for conftest.c (code 2)
configure:15616: $? = 2
configure: failed program was:
| /* confdefs.h */
| #define PACKAGE_NAME "Global Arrays (GA)"
| #define PACKAGE_TARNAME "ga"
| #define PACKAGE_VERSION "5.8.0"
| #define PACKAGE_STRING "Global Arrays (GA) 5.8.0"
| #define PACKAGE_BUGREPORT "hpctools@pnl.gov"
| #define PACKAGE_URL "http://hpc.pnl.gov/globalarrays/"
| #define LINUX 1
| #define SYSV 1
| #define PACKAGE "ga"
| #define VERSION "5.8.0"
| #define MSG_COMMS_MPI 1
| #define ENABLE_PEIGS 1
| #define ENABLE_EISPACK 0
| #define ENABLE_PROFILING 0
| #define HAVE_STDIO_H 1
| #define HAVE_STDLIB_H 1
| #define HAVE_STRING_H 1
| #define HAVE_INTTYPES_H 1
| #define HAVE_STDINT_H 1
| #define HAVE_STRINGS_H 1
| #define HAVE_SYS_STAT_H 1
| #define HAVE_SYS_TYPES_H 1
| #define HAVE_UNISTD_H 1
| #define HAVE_WCHAR_H 1
| #define HAVE_SYS_PARAM_H 1
| #define HAVE_SYS_SELECT_H 1
| #define HAVE_SYS_SOCKET_H 1
| #define STDC_HEADERS 1
| #define _ALL_SOURCE 1
| #define _DARWIN_C_SOURCE 1
| #define _GNU_SOURCE 1
| #define _HPUX_ALT_XOPEN_SOCKET_API 1
| #define _NETBSD_SOURCE 1
| #define _OPENBSD_SOURCE 1
| #define _POSIX_PTHREAD_SEMANTICS 1
| #define __STDC_WANT_IEC_60559_ATTRIBS_EXT__ 1
| #define __STDC_WANT_IEC_60559_BFP_EXT__ 1
| #define __STDC_WANT_IEC_60559_DFP_EXT__ 1
| #define __STDC_WANT_IEC_60559_FUNCS_EXT__ 1
| #define __STDC_WANT_IEC_60559_TYPES_EXT__ 1
| #define __STDC_WANT_LIB_EXT2__ 1
| #define __STDC_WANT_MATH_SPEC_FUNCS__ 1
| #define _TANDEM_SOURCE 1
| #define __EXTENSIONS__ 1
| #define LINUX64 1
| #define HAVE_ARMCI_GROUP_COMM 1
| #define HAVE_ARMCI_INITIALIZED 1
| #define HAVE_ARMCI_NOTIFY 1
| #define HAVE_ARMCI_MSG_INIT 1
| #define HAVE_ARMCI_MSG_FINALIZE 1
| #define HAVE_ARMCI_STRIDE_INFO_INIT 1
| #define NEED_DELAY_TCGMSG_MPI_STARTUP 0
| #define HAVE_DIRENT_H 1
| #define HAVE__BOOL 1
| #define HAVE_STDBOOL_H 1
| #define HAVE_SYS_WAIT_H 1
| #define HAVE_ASSERT_H 1
| #define HAVE_ERRNO_H 1
| #define HAVE_FCNTL_H 1
| #define HAVE_FFIO_H 0
| #define HAVE_LIMITS_H 1
| #define HAVE_LINUX_LIMITS_H 1
| #define HAVE_MALLOC_H 1
| #define HAVE_MATH_H 1
| #define HAVE_STDDEF_H 1
| #define HAVE_STDINT_H 1
| #define HAVE_STDIO_H 1
| #define HAVE_STDLIB_H 1
| #define HAVE_STRING_H 1
| #define HAVE_STRINGS_H 1
| #define HAVE_SYS_FILE_H 1
| #define HAVE_SYS_FSID_H 0
| #define HAVE_SYS_FSTYP_H 0
| #define HAVE_SYS_IOCTL_H 1
| #define HAVE_SYS_IOSW_H 0
| #define HAVE_SYS_IPC_H 1
| #define HAVE_SYS_MMAN_H 1
| #define HAVE_SYS_MOUNT_H 1
| #define HAVE_SYS_PARAM_H 1
| #define HAVE_SYS_SEM_H 1
| #define HAVE_SYS_SHM_H 1
| #define HAVE_SYS_STATFS_H 1
| #define HAVE_SYS_STAT_H 1
| #define HAVE_SYS_STATVFS_H 1
| #define HAVE_SYS_TIME_H 1
| #define HAVE_SYS_TYPES_H 1
| #define HAVE_SYS_VFS_H 1
| #define HAVE_TIME_H 1
| #define HAVE_UNISTD_H 1
| #define HAVE_WINDOWS_H 0
| #define restrict __restrict__
| /* end confdefs.h.  */
| #include <stddef.h>
| #ifdef HAVE_STDIO_H
| # include <stdio.h>
| #endif
| #ifdef HAVE_STDLIB_H
| # include <stdlib.h>
| #endif
| #ifdef HAVE_STRING_H
| # include <string.h>
| #endif
| #ifdef HAVE_INTTYPES_H
| # include <inttypes.h>
| #endif
| #ifdef HAVE_STDINT_H
| # include <stdint.h>
| #endif
| #ifdef HAVE_STRINGS_H
| # include <strings.h>
| #endif
| #ifdef HAVE_SYS_TYPES_H
| # include <sys/types.h>
| #endif
| #ifdef HAVE_SYS_STAT_H
| # include <sys/stat.h>
| #endif
| #ifdef HAVE_UNISTD_H
| # include <unistd.h>
| #endif
| 	        enum { N = 64 / 2 - 1 };
| int
| main (void)
| {
| static int test_array [1 - 2 * !((int64_t) (((((int64_t) 1 << N) << N) - 1) * 2 + 1)
| 		 < (int64_t) (((((int64_t) 1 << N) << N) - 1) * 2 + 2))];
| test_array [0] = 0;
| return test_array [0];
| 
|   ;
|   return 0;
| }
configure:15616: result: yes
configure:15626: checking for long double
configure:15661: result: yes
configure:15669: checking for off_t
configure:15669: icc -c    conftest.c >&5
configure:15669: $? = 0
configure:15669: icc -c    conftest.c >&5
conftest.c(126): error: expected an expression
  if (sizeof ((off_t)))
                     ^

compilation aborted for conftest.c (code 2)
configure:15669: $? = 2
configure: failed program was:
| /* confdefs.h */
| #define PACKAGE_NAME "Global Arrays (GA)"
| #define PACKAGE_TARNAME "ga"
| #define PACKAGE_VERSION "5.8.0"
| #define PACKAGE_STRING "Global Arrays (GA) 5.8.0"
| #define PACKAGE_BUGREPORT "hpctools@pnl.gov"
| #define PACKAGE_URL "http://hpc.pnl.gov/globalarrays/"
| #define LINUX 1
| #define SYSV 1
| #define PACKAGE "ga"
| #define VERSION "5.8.0"
| #define MSG_COMMS_MPI 1
| #define ENABLE_PEIGS 1
| #define ENABLE_EISPACK 0
| #define ENABLE_PROFILING 0
| #define HAVE_STDIO_H 1
| #define HAVE_STDLIB_H 1
| #define HAVE_STRING_H 1
| #define HAVE_INTTYPES_H 1
| #define HAVE_STDINT_H 1
| #define HAVE_STRINGS_H 1
| #define HAVE_SYS_STAT_H 1
| #define HAVE_SYS_TYPES_H 1
| #define HAVE_UNISTD_H 1
| #define HAVE_WCHAR_H 1
| #define HAVE_SYS_PARAM_H 1
| #define HAVE_SYS_SELECT_H 1
| #define HAVE_SYS_SOCKET_H 1
| #define STDC_HEADERS 1
| #define _ALL_SOURCE 1
| #define _DARWIN_C_SOURCE 1
| #define _GNU_SOURCE 1
| #define _HPUX_ALT_XOPEN_SOCKET_API 1
| #define _NETBSD_SOURCE 1
| #define _OPENBSD_SOURCE 1
| #define _POSIX_PTHREAD_SEMANTICS 1
| #define __STDC_WANT_IEC_60559_ATTRIBS_EXT__ 1
| #define __STDC_WANT_IEC_60559_BFP_EXT__ 1
| #define __STDC_WANT_IEC_60559_DFP_EXT__ 1
| #define __STDC_WANT_IEC_60559_FUNCS_EXT__ 1
| #define __STDC_WANT_IEC_60559_TYPES_EXT__ 1
| #define __STDC_WANT_LIB_EXT2__ 1
| #define __STDC_WANT_MATH_SPEC_FUNCS__ 1
| #define _TANDEM_SOURCE 1
| #define __EXTENSIONS__ 1
| #define LINUX64 1
| #define HAVE_ARMCI_GROUP_COMM 1
| #define HAVE_ARMCI_INITIALIZED 1
| #define HAVE_ARMCI_NOTIFY 1
| #define HAVE_ARMCI_MSG_INIT 1
| #define HAVE_ARMCI_MSG_FINALIZE 1
| #define HAVE_ARMCI_STRIDE_INFO_INIT 1
| #define NEED_DELAY_TCGMSG_MPI_STARTUP 0
| #define HAVE_DIRENT_H 1
| #define HAVE__BOOL 1
| #define HAVE_STDBOOL_H 1
| #define HAVE_SYS_WAIT_H 1
| #define HAVE_ASSERT_H 1
| #define HAVE_ERRNO_H 1
| #define HAVE_FCNTL_H 1
| #define HAVE_FFIO_H 0
| #define HAVE_LIMITS_H 1
| #define HAVE_LINUX_LIMITS_H 1
| #define HAVE_MALLOC_H 1
| #define HAVE_MATH_H 1
| #define HAVE_STDDEF_H 1
| #define HAVE_STDINT_H 1
| #define HAVE_STDIO_H 1
| #define HAVE_STDLIB_H 1
| #define HAVE_STRING_H 1
| #define HAVE_STRINGS_H 1
| #define HAVE_SYS_FILE_H 1
| #define HAVE_SYS_FSID_H 0
| #define HAVE_SYS_FSTYP_H 0
| #define HAVE_SYS_IOCTL_H 1
| #define HAVE_SYS_IOSW_H 0
| #define HAVE_SYS_IPC_H 1
| #define HAVE_SYS_MMAN_H 1
| #define HAVE_SYS_MOUNT_H 1
| #define HAVE_SYS_PARAM_H 1
| #define HAVE_SYS_SEM_H 1
| #define HAVE_SYS_SHM_H 1
| #define HAVE_SYS_STATFS_H 1
| #define HAVE_SYS_STAT_H 1
| #define HAVE_SYS_STATVFS_H 1
| #define HAVE_SYS_TIME_H 1
| #define HAVE_SYS_TYPES_H 1
| #define HAVE_SYS_VFS_H 1
| #define HAVE_TIME_H 1
| #define HAVE_UNISTD_H 1
| #define HAVE_WINDOWS_H 0
| #define restrict __restrict__
| #define HAVE_LONG_DOUBLE 1
| /* end confdefs.h.  */
| #include <stddef.h>
| #ifdef HAVE_STDIO_H
| # include <stdio.h>
| #endif
| #ifdef HAVE_STDLIB_H
| # include <stdlib.h>
| #endif
| #ifdef HAVE_STRING_H
| # include <string.h>
| #endif
| #ifdef HAVE_INTTYPES_H
| # include <inttypes.h>
| #endif
| #ifdef HAVE_STDINT_H
| # include <stdint.h>
| #endif
| #ifdef HAVE_STRINGS_H
| # include <strings.h>
| #endif
| #ifdef HAVE_SYS_TYPES_H
| # include <sys/types.h>
| #endif
| #ifdef HAVE_SYS_STAT_H
| # include <sys/stat.h>
| #endif
| #ifdef HAVE_UNISTD_H
| # include <unistd.h>
| #endif
| int
| main (void)
| {
| if (sizeof ((off_t)))
| 	    return 0;
|   ;
|   return 0;
| }
configure:15669: result: yes
configure:15680: checking for pid_t
configure:15680: icc -c    conftest.c >&5
configure:15680: $? = 0
configure:15680: icc -c    conftest.c >&5
conftest.c(127): error: expected an expression
  if (sizeof ((pid_t)))
                     ^

compilation aborted for conftest.c (code 2)
configure:15680: $? = 2
configure: failed program was:
| /* confdefs.h */
| #define PACKAGE_NAME "Global Arrays (GA)"
| #define PACKAGE_TARNAME "ga"
| #define PACKAGE_VERSION "5.8.0"
| #define PACKAGE_STRING "Global Arrays (GA) 5.8.0"
| #define PACKAGE_BUGREPORT "hpctools@pnl.gov"
| #define PACKAGE_URL "http://hpc.pnl.gov/globalarrays/"
| #define LINUX 1
| #define SYSV 1
| #define PACKAGE "ga"
| #define VERSION "5.8.0"
| #define MSG_COMMS_MPI 1
| #define ENABLE_PEIGS 1
| #define ENABLE_EISPACK 0
| #define ENABLE_PROFILING 0
| #define HAVE_STDIO_H 1
| #define HAVE_STDLIB_H 1
| #define HAVE_STRING_H 1
| #define HAVE_INTTYPES_H 1
| #define HAVE_STDINT_H 1
| #define HAVE_STRINGS_H 1
| #define HAVE_SYS_STAT_H 1
| #define HAVE_SYS_TYPES_H 1
| #define HAVE_UNISTD_H 1
| #define HAVE_WCHAR_H 1
| #define HAVE_SYS_PARAM_H 1
| #define HAVE_SYS_SELECT_H 1
| #define HAVE_SYS_SOCKET_H 1
| #define STDC_HEADERS 1
| #define _ALL_SOURCE 1
| #define _DARWIN_C_SOURCE 1
| #define _GNU_SOURCE 1
| #define _HPUX_ALT_XOPEN_SOCKET_API 1
| #define _NETBSD_SOURCE 1
| #define _OPENBSD_SOURCE 1
| #define _POSIX_PTHREAD_SEMANTICS 1
| #define __STDC_WANT_IEC_60559_ATTRIBS_EXT__ 1
| #define __STDC_WANT_IEC_60559_BFP_EXT__ 1
| #define __STDC_WANT_IEC_60559_DFP_EXT__ 1
| #define __STDC_WANT_IEC_60559_FUNCS_EXT__ 1
| #define __STDC_WANT_IEC_60559_TYPES_EXT__ 1
| #define __STDC_WANT_LIB_EXT2__ 1
| #define __STDC_WANT_MATH_SPEC_FUNCS__ 1
| #define _TANDEM_SOURCE 1
| #define __EXTENSIONS__ 1
| #define LINUX64 1
| #define HAVE_ARMCI_GROUP_COMM 1
| #define HAVE_ARMCI_INITIALIZED 1
| #define HAVE_ARMCI_NOTIFY 1
| #define HAVE_ARMCI_MSG_INIT 1
| #define HAVE_ARMCI_MSG_FINALIZE 1
| #define HAVE_ARMCI_STRIDE_INFO_INIT 1
| #define NEED_DELAY_TCGMSG_MPI_STARTUP 0
| #define HAVE_DIRENT_H 1
| #define HAVE__BOOL 1
| #define HAVE_STDBOOL_H 1
| #define HAVE_SYS_WAIT_H 1
| #define HAVE_ASSERT_H 1
| #define HAVE_ERRNO_H 1
| #define HAVE_FCNTL_H 1
| #define HAVE_FFIO_H 0
| #define HAVE_LIMITS_H 1
| #define HAVE_LINUX_LIMITS_H 1
| #define HAVE_MALLOC_H 1
| #define HAVE_MATH_H 1
| #define HAVE_STDDEF_H 1
| #define HAVE_STDINT_H 1
| #define HAVE_STDIO_H 1
| #define HAVE_STDLIB_H 1
| #define HAVE_STRING_H 1
| #define HAVE_STRINGS_H 1
| #define HAVE_SYS_FILE_H 1
| #define HAVE_SYS_FSID_H 0
| #define HAVE_SYS_FSTYP_H 0
| #define HAVE_SYS_IOCTL_H 1
| #define HAVE_SYS_IOSW_H 0
| #define HAVE_SYS_IPC_H 1
| #define HAVE_SYS_MMAN_H 1
| #define HAVE_SYS_MOUNT_H 1
| #define HAVE_SYS_PARAM_H 1
| #define HAVE_SYS_SEM_H 1
| #define HAVE_SYS_SHM_H 1
| #define HAVE_SYS_STATFS_H 1
| #define HAVE_SYS_STAT_H 1
| #define HAVE_SYS_STATVFS_H 1
| #define HAVE_SYS_TIME_H 1
| #define HAVE_SYS_TYPES_H 1
| #define HAVE_SYS_VFS_H 1
| #define HAVE_TIME_H 1
| #define HAVE_UNISTD_H 1
| #define HAVE_WINDOWS_H 0
| #define restrict __restrict__
| #define HAVE_LONG_DOUBLE 1
| /* end confdefs.h.  */
| #include <stddef.h>
| #ifdef HAVE_STDIO_H
| # include <stdio.h>
| #endif
| #ifdef HAVE_STDLIB_H
| # include <stdlib.h>
| #endif
| #ifdef HAVE_STRING_H
| # include <string.h>
| #endif
| #ifdef HAVE_INTTYPES_H
| # include <inttypes.h>
| #endif
| #ifdef HAVE_STDINT_H
| # include <stdint.h>
| #endif
| #ifdef HAVE_STRINGS_H
| # include <strings.h>
| #endif
| #ifdef HAVE_SYS_TYPES_H
| # include <sys/types.h>
| #endif
| #ifdef HAVE_SYS_STAT_H
| # include <sys/stat.h>
| #endif
| #ifdef HAVE_UNISTD_H
| # include <unistd.h>
| #endif
| 
| int
| main (void)
| {
| if (sizeof ((pid_t)))
| 	    return 0;
|   ;
|   return 0;
| }
configure:15680: result: yes
configure:15716: checking return type of signal handlers
configure:15735: icc -c    conftest.c >&5
conftest.c(101): error: operand of "*" must be a pointer
  return *(signal (0, 0)) (0) == 1;
          ^

compilation aborted for conftest.c (code 2)
configure:15735: $? = 2
configure: failed program was:
| /* confdefs.h */
| #define PACKAGE_NAME "Global Arrays (GA)"
| #define PACKAGE_TARNAME "ga"
| #define PACKAGE_VERSION "5.8.0"
| #define PACKAGE_STRING "Global Arrays (GA) 5.8.0"
| #define PACKAGE_BUGREPORT "hpctools@pnl.gov"
| #define PACKAGE_URL "http://hpc.pnl.gov/globalarrays/"
| #define LINUX 1
| #define SYSV 1
| #define PACKAGE "ga"
| #define VERSION "5.8.0"
| #define MSG_COMMS_MPI 1
| #define ENABLE_PEIGS 1
| #define ENABLE_EISPACK 0
| #define ENABLE_PROFILING 0
| #define HAVE_STDIO_H 1
| #define HAVE_STDLIB_H 1
| #define HAVE_STRING_H 1
| #define HAVE_INTTYPES_H 1
| #define HAVE_STDINT_H 1
| #define HAVE_STRINGS_H 1
| #define HAVE_SYS_STAT_H 1
| #define HAVE_SYS_TYPES_H 1
| #define HAVE_UNISTD_H 1
| #define HAVE_WCHAR_H 1
| #define HAVE_SYS_PARAM_H 1
| #define HAVE_SYS_SELECT_H 1
| #define HAVE_SYS_SOCKET_H 1
| #define STDC_HEADERS 1
| #define _ALL_SOURCE 1
| #define _DARWIN_C_SOURCE 1
| #define _GNU_SOURCE 1
| #define _HPUX_ALT_XOPEN_SOCKET_API 1
| #define _NETBSD_SOURCE 1
| #define _OPENBSD_SOURCE 1
| #define _POSIX_PTHREAD_SEMANTICS 1
| #define __STDC_WANT_IEC_60559_ATTRIBS_EXT__ 1
| #define __STDC_WANT_IEC_60559_BFP_EXT__ 1
| #define __STDC_WANT_IEC_60559_DFP_EXT__ 1
| #define __STDC_WANT_IEC_60559_FUNCS_EXT__ 1
| #define __STDC_WANT_IEC_60559_TYPES_EXT__ 1
| #define __STDC_WANT_LIB_EXT2__ 1
| #define __STDC_WANT_MATH_SPEC_FUNCS__ 1
| #define _TANDEM_SOURCE 1
| #define __EXTENSIONS__ 1
| #define LINUX64 1
| #define HAVE_ARMCI_GROUP_COMM 1
| #define HAVE_ARMCI_INITIALIZED 1
| #define HAVE_ARMCI_NOTIFY 1
| #define HAVE_ARMCI_MSG_INIT 1
| #define HAVE_ARMCI_MSG_FINALIZE 1
| #define HAVE_ARMCI_STRIDE_INFO_INIT 1
| #define NEED_DELAY_TCGMSG_MPI_STARTUP 0
| #define HAVE_DIRENT_H 1
| #define HAVE__BOOL 1
| #define HAVE_STDBOOL_H 1
| #define HAVE_SYS_WAIT_H 1
| #define HAVE_ASSERT_H 1
| #define HAVE_ERRNO_H 1
| #define HAVE_FCNTL_H 1
| #define HAVE_FFIO_H 0
| #define HAVE_LIMITS_H 1
| #define HAVE_LINUX_LIMITS_H 1
| #define HAVE_MALLOC_H 1
| #define HAVE_MATH_H 1
| #define HAVE_STDDEF_H 1
| #define HAVE_STDINT_H 1
| #define HAVE_STDIO_H 1
| #define HAVE_STDLIB_H 1
| #define HAVE_STRING_H 1
| #define HAVE_STRINGS_H 1
| #define HAVE_SYS_FILE_H 1
| #define HAVE_SYS_FSID_H 0
| #define HAVE_SYS_FSTYP_H 0
| #define HAVE_SYS_IOCTL_H 1
| #define HAVE_SYS_IOSW_H 0
| #define HAVE_SYS_IPC_H 1
| #define HAVE_SYS_MMAN_H 1
| #define HAVE_SYS_MOUNT_H 1
| #define HAVE_SYS_PARAM_H 1
| #define HAVE_SYS_SEM_H 1
| #define HAVE_SYS_SHM_H 1
| #define HAVE_SYS_STATFS_H 1
| #define HAVE_SYS_STAT_H 1
| #define HAVE_SYS_STATVFS_H 1
| #define HAVE_SYS_TIME_H 1
| #define HAVE_SYS_TYPES_H 1
| #define HAVE_SYS_VFS_H 1
| #define HAVE_TIME_H 1
| #define HAVE_UNISTD_H 1
| #define HAVE_WINDOWS_H 0
| #define restrict __restrict__
| #define HAVE_LONG_DOUBLE 1
| /* end confdefs.h.  */
| #include <sys/types.h>
| #include <signal.h>
| 
| int
| main (void)
| {
| return *(signal (0, 0)) (0) == 1;
|   ;
|   return 0;
| }
configure:15743: result: void
configure:15749: checking for size_t
configure:15749: icc -c    conftest.c >&5
configure:15749: $? = 0
configure:15749: icc -c    conftest.c >&5
conftest.c(127): error: expected an expression
  if (sizeof ((size_t)))
                      ^

compilation aborted for conftest.c (code 2)
configure:15749: $? = 2
configure: failed program was:
| /* confdefs.h */
| #define PACKAGE_NAME "Global Arrays (GA)"
| #define PACKAGE_TARNAME "ga"
| #define PACKAGE_VERSION "5.8.0"
| #define PACKAGE_STRING "Global Arrays (GA) 5.8.0"
| #define PACKAGE_BUGREPORT "hpctools@pnl.gov"
| #define PACKAGE_URL "http://hpc.pnl.gov/globalarrays/"
| #define LINUX 1
| #define SYSV 1
| #define PACKAGE "ga"
| #define VERSION "5.8.0"
| #define MSG_COMMS_MPI 1
| #define ENABLE_PEIGS 1
| #define ENABLE_EISPACK 0
| #define ENABLE_PROFILING 0
| #define HAVE_STDIO_H 1
| #define HAVE_STDLIB_H 1
| #define HAVE_STRING_H 1
| #define HAVE_INTTYPES_H 1
| #define HAVE_STDINT_H 1
| #define HAVE_STRINGS_H 1
| #define HAVE_SYS_STAT_H 1
| #define HAVE_SYS_TYPES_H 1
| #define HAVE_UNISTD_H 1
| #define HAVE_WCHAR_H 1
| #define HAVE_SYS_PARAM_H 1
| #define HAVE_SYS_SELECT_H 1
| #define HAVE_SYS_SOCKET_H 1
| #define STDC_HEADERS 1
| #define _ALL_SOURCE 1
| #define _DARWIN_C_SOURCE 1
| #define _GNU_SOURCE 1
| #define _HPUX_ALT_XOPEN_SOCKET_API 1
| #define _NETBSD_SOURCE 1
| #define _OPENBSD_SOURCE 1
| #define _POSIX_PTHREAD_SEMANTICS 1
| #define __STDC_WANT_IEC_60559_ATTRIBS_EXT__ 1
| #define __STDC_WANT_IEC_60559_BFP_EXT__ 1
| #define __STDC_WANT_IEC_60559_DFP_EXT__ 1
| #define __STDC_WANT_IEC_60559_FUNCS_EXT__ 1
| #define __STDC_WANT_IEC_60559_TYPES_EXT__ 1
| #define __STDC_WANT_LIB_EXT2__ 1
| #define __STDC_WANT_MATH_SPEC_FUNCS__ 1
| #define _TANDEM_SOURCE 1
| #define __EXTENSIONS__ 1
| #define LINUX64 1
| #define HAVE_ARMCI_GROUP_COMM 1
| #define HAVE_ARMCI_INITIALIZED 1
| #define HAVE_ARMCI_NOTIFY 1
| #define HAVE_ARMCI_MSG_INIT 1
| #define HAVE_ARMCI_MSG_FINALIZE 1
| #define HAVE_ARMCI_STRIDE_INFO_INIT 1
| #define NEED_DELAY_TCGMSG_MPI_STARTUP 0
| #define HAVE_DIRENT_H 1
| #define HAVE__BOOL 1
| #define HAVE_STDBOOL_H 1
| #define HAVE_SYS_WAIT_H 1
| #define HAVE_ASSERT_H 1
| #define HAVE_ERRNO_H 1
| #define HAVE_FCNTL_H 1
| #define HAVE_FFIO_H 0
| #define HAVE_LIMITS_H 1
| #define HAVE_LINUX_LIMITS_H 1
| #define HAVE_MALLOC_H 1
| #define HAVE_MATH_H 1
| #define HAVE_STDDEF_H 1
| #define HAVE_STDINT_H 1
| #define HAVE_STDIO_H 1
| #define HAVE_STDLIB_H 1
| #define HAVE_STRING_H 1
| #define HAVE_STRINGS_H 1
| #define HAVE_SYS_FILE_H 1
| #define HAVE_SYS_FSID_H 0
| #define HAVE_SYS_FSTYP_H 0
| #define HAVE_SYS_IOCTL_H 1
| #define HAVE_SYS_IOSW_H 0
| #define HAVE_SYS_IPC_H 1
| #define HAVE_SYS_MMAN_H 1
| #define HAVE_SYS_MOUNT_H 1
| #define HAVE_SYS_PARAM_H 1
| #define HAVE_SYS_SEM_H 1
| #define HAVE_SYS_SHM_H 1
| #define HAVE_SYS_STATFS_H 1
| #define HAVE_SYS_STAT_H 1
| #define HAVE_SYS_STATVFS_H 1
| #define HAVE_SYS_TIME_H 1
| #define HAVE_SYS_TYPES_H 1
| #define HAVE_SYS_VFS_H 1
| #define HAVE_TIME_H 1
| #define HAVE_UNISTD_H 1
| #define HAVE_WINDOWS_H 0
| #define restrict __restrict__
| #define HAVE_LONG_DOUBLE 1
| #define RETSIGTYPE void
| /* end confdefs.h.  */
| #include <stddef.h>
| #ifdef HAVE_STDIO_H
| # include <stdio.h>
| #endif
| #ifdef HAVE_STDLIB_H
| # include <stdlib.h>
| #endif
| #ifdef HAVE_STRING_H
| # include <string.h>
| #endif
| #ifdef HAVE_INTTYPES_H
| # include <inttypes.h>
| #endif
| #ifdef HAVE_STDINT_H
| # include <stdint.h>
| #endif
| #ifdef HAVE_STRINGS_H
| # include <strings.h>
| #endif
| #ifdef HAVE_SYS_TYPES_H
| # include <sys/types.h>
| #endif
| #ifdef HAVE_SYS_STAT_H
| # include <sys/stat.h>
| #endif
| #ifdef HAVE_UNISTD_H
| # include <unistd.h>
| #endif
| int
| main (void)
| {
| if (sizeof ((size_t)))
| 	    return 0;
|   ;
|   return 0;
| }
configure:15749: result: yes
configure:15767: checking for special C compiler options needed for large files
configure:15815: result: no
configure:15821: checking for _FILE_OFFSET_BITS value needed for large files
configure:15847: icc -c    conftest.c >&5
configure:15847: $? = 0
configure:15881: result: no
configure:15963: checking for _LARGEFILE_SOURCE value needed for large files
configure:15983: icc -o conftest     conftest.c  >&5
configure:15983: $? = 0
configure:16013: result: no
configure:16032: checking for a sed that does not truncate output
configure:16102: result: /usr/bin/sed
configure:16112: checking how to run the C preprocessor
configure:16138: icc -E  conftest.c
configure:16138: $? = 0
configure:16153: icc -E  conftest.c
conftest.c(97): error #2379: cannot open source file "ac_nonexistent.h"
  #include <ac_nonexistent.h>
                             ^

configure:16153: $? = 2
configure: failed program was:
| /* confdefs.h */
| #define PACKAGE_NAME "Global Arrays (GA)"
| #define PACKAGE_TARNAME "ga"
| #define PACKAGE_VERSION "5.8.0"
| #define PACKAGE_STRING "Global Arrays (GA) 5.8.0"
| #define PACKAGE_BUGREPORT "hpctools@pnl.gov"
| #define PACKAGE_URL "http://hpc.pnl.gov/globalarrays/"
| #define LINUX 1
| #define SYSV 1
| #define PACKAGE "ga"
| #define VERSION "5.8.0"
| #define MSG_COMMS_MPI 1
| #define ENABLE_PEIGS 1
| #define ENABLE_EISPACK 0
| #define ENABLE_PROFILING 0
| #define HAVE_STDIO_H 1
| #define HAVE_STDLIB_H 1
| #define HAVE_STRING_H 1
| #define HAVE_INTTYPES_H 1
| #define HAVE_STDINT_H 1
| #define HAVE_STRINGS_H 1
| #define HAVE_SYS_STAT_H 1
| #define HAVE_SYS_TYPES_H 1
| #define HAVE_UNISTD_H 1
| #define HAVE_WCHAR_H 1
| #define HAVE_SYS_PARAM_H 1
| #define HAVE_SYS_SELECT_H 1
| #define HAVE_SYS_SOCKET_H 1
| #define STDC_HEADERS 1
| #define _ALL_SOURCE 1
| #define _DARWIN_C_SOURCE 1
| #define _GNU_SOURCE 1
| #define _HPUX_ALT_XOPEN_SOCKET_API 1
| #define _NETBSD_SOURCE 1
| #define _OPENBSD_SOURCE 1
| #define _POSIX_PTHREAD_SEMANTICS 1
| #define __STDC_WANT_IEC_60559_ATTRIBS_EXT__ 1
| #define __STDC_WANT_IEC_60559_BFP_EXT__ 1
| #define __STDC_WANT_IEC_60559_DFP_EXT__ 1
| #define __STDC_WANT_IEC_60559_FUNCS_EXT__ 1
| #define __STDC_WANT_IEC_60559_TYPES_EXT__ 1
| #define __STDC_WANT_LIB_EXT2__ 1
| #define __STDC_WANT_MATH_SPEC_FUNCS__ 1
| #define _TANDEM_SOURCE 1
| #define __EXTENSIONS__ 1
| #define LINUX64 1
| #define HAVE_ARMCI_GROUP_COMM 1
| #define HAVE_ARMCI_INITIALIZED 1
| #define HAVE_ARMCI_NOTIFY 1
| #define HAVE_ARMCI_MSG_INIT 1
| #define HAVE_ARMCI_MSG_FINALIZE 1
| #define HAVE_ARMCI_STRIDE_INFO_INIT 1
| #define NEED_DELAY_TCGMSG_MPI_STARTUP 0
| #define HAVE_DIRENT_H 1
| #define HAVE__BOOL 1
| #define HAVE_STDBOOL_H 1
| #define HAVE_SYS_WAIT_H 1
| #define HAVE_ASSERT_H 1
| #define HAVE_ERRNO_H 1
| #define HAVE_FCNTL_H 1
| #define HAVE_FFIO_H 0
| #define HAVE_LIMITS_H 1
| #define HAVE_LINUX_LIMITS_H 1
| #define HAVE_MALLOC_H 1
| #define HAVE_MATH_H 1
| #define HAVE_STDDEF_H 1
| #define HAVE_STDINT_H 1
| #define HAVE_STDIO_H 1
| #define HAVE_STDLIB_H 1
| #define HAVE_STRING_H 1
| #define HAVE_STRINGS_H 1
| #define HAVE_SYS_FILE_H 1
| #define HAVE_SYS_FSID_H 0
| #define HAVE_SYS_FSTYP_H 0
| #define HAVE_SYS_IOCTL_H 1
| #define HAVE_SYS_IOSW_H 0
| #define HAVE_SYS_IPC_H 1
| #define HAVE_SYS_MMAN_H 1
| #define HAVE_SYS_MOUNT_H 1
| #define HAVE_SYS_PARAM_H 1
| #define HAVE_SYS_SEM_H 1
| #define HAVE_SYS_SHM_H 1
| #define HAVE_SYS_STATFS_H 1
| #define HAVE_SYS_STAT_H 1
| #define HAVE_SYS_STATVFS_H 1
| #define HAVE_SYS_TIME_H 1
| #define HAVE_SYS_TYPES_H 1
| #define HAVE_SYS_VFS_H 1
| #define HAVE_TIME_H 1
| #define HAVE_UNISTD_H 1
| #define HAVE_WINDOWS_H 0
| #define restrict __restrict__
| #define HAVE_LONG_DOUBLE 1
| #define RETSIGTYPE void
| #define HAVE_FSEEKO 1
| /* end confdefs.h.  */
| #include <ac_nonexistent.h>
configure:16180: result: icc -E
configure:16194: icc -E  conftest.c
configure:16194: $? = 0
configure:16209: icc -E  conftest.c
conftest.c(97): error #2379: cannot open source file "ac_nonexistent.h"
  #include <ac_nonexistent.h>
                             ^

configure:16209: $? = 2
configure: failed program was:
| /* confdefs.h */
| #define PACKAGE_NAME "Global Arrays (GA)"
| #define PACKAGE_TARNAME "ga"
| #define PACKAGE_VERSION "5.8.0"
| #define PACKAGE_STRING "Global Arrays (GA) 5.8.0"
| #define PACKAGE_BUGREPORT "hpctools@pnl.gov"
| #define PACKAGE_URL "http://hpc.pnl.gov/globalarrays/"
| #define LINUX 1
| #define SYSV 1
| #define PACKAGE "ga"
| #define VERSION "5.8.0"
| #define MSG_COMMS_MPI 1
| #define ENABLE_PEIGS 1
| #define ENABLE_EISPACK 0
| #define ENABLE_PROFILING 0
| #define HAVE_STDIO_H 1
| #define HAVE_STDLIB_H 1
| #define HAVE_STRING_H 1
| #define HAVE_INTTYPES_H 1
| #define HAVE_STDINT_H 1
| #define HAVE_STRINGS_H 1
| #define HAVE_SYS_STAT_H 1
| #define HAVE_SYS_TYPES_H 1
| #define HAVE_UNISTD_H 1
| #define HAVE_WCHAR_H 1
| #define HAVE_SYS_PARAM_H 1
| #define HAVE_SYS_SELECT_H 1
| #define HAVE_SYS_SOCKET_H 1
| #define STDC_HEADERS 1
| #define _ALL_SOURCE 1
| #define _DARWIN_C_SOURCE 1
| #define _GNU_SOURCE 1
| #define _HPUX_ALT_XOPEN_SOCKET_API 1
| #define _NETBSD_SOURCE 1
| #define _OPENBSD_SOURCE 1
| #define _POSIX_PTHREAD_SEMANTICS 1
| #define __STDC_WANT_IEC_60559_ATTRIBS_EXT__ 1
| #define __STDC_WANT_IEC_60559_BFP_EXT__ 1
| #define __STDC_WANT_IEC_60559_DFP_EXT__ 1
| #define __STDC_WANT_IEC_60559_FUNCS_EXT__ 1
| #define __STDC_WANT_IEC_60559_TYPES_EXT__ 1
| #define __STDC_WANT_LIB_EXT2__ 1
| #define __STDC_WANT_MATH_SPEC_FUNCS__ 1
| #define _TANDEM_SOURCE 1
| #define __EXTENSIONS__ 1
| #define LINUX64 1
| #define HAVE_ARMCI_GROUP_COMM 1
| #define HAVE_ARMCI_INITIALIZED 1
| #define HAVE_ARMCI_NOTIFY 1
| #define HAVE_ARMCI_MSG_INIT 1
| #define HAVE_ARMCI_MSG_FINALIZE 1
| #define HAVE_ARMCI_STRIDE_INFO_INIT 1
| #define NEED_DELAY_TCGMSG_MPI_STARTUP 0
| #define HAVE_DIRENT_H 1
| #define HAVE__BOOL 1
| #define HAVE_STDBOOL_H 1
| #define HAVE_SYS_WAIT_H 1
| #define HAVE_ASSERT_H 1
| #define HAVE_ERRNO_H 1
| #define HAVE_FCNTL_H 1
| #define HAVE_FFIO_H 0
| #define HAVE_LIMITS_H 1
| #define HAVE_LINUX_LIMITS_H 1
| #define HAVE_MALLOC_H 1
| #define HAVE_MATH_H 1
| #define HAVE_STDDEF_H 1
| #define HAVE_STDINT_H 1
| #define HAVE_STDIO_H 1
| #define HAVE_STDLIB_H 1
| #define HAVE_STRING_H 1
| #define HAVE_STRINGS_H 1
| #define HAVE_SYS_FILE_H 1
| #define HAVE_SYS_FSID_H 0
| #define HAVE_SYS_FSTYP_H 0
| #define HAVE_SYS_IOCTL_H 1
| #define HAVE_SYS_IOSW_H 0
| #define HAVE_SYS_IPC_H 1
| #define HAVE_SYS_MMAN_H 1
| #define HAVE_SYS_MOUNT_H 1
| #define HAVE_SYS_PARAM_H 1
| #define HAVE_SYS_SEM_H 1
| #define HAVE_SYS_SHM_H 1
| #define HAVE_SYS_STATFS_H 1
| #define HAVE_SYS_STAT_H 1
| #define HAVE_SYS_STATVFS_H 1
| #define HAVE_SYS_TIME_H 1
| #define HAVE_SYS_TYPES_H 1
| #define HAVE_SYS_VFS_H 1
| #define HAVE_TIME_H 1
| #define HAVE_UNISTD_H 1
| #define HAVE_WINDOWS_H 0
| #define restrict __restrict__
| #define HAVE_LONG_DOUBLE 1
| #define RETSIGTYPE void
| #define HAVE_FSEEKO 1
| /* end confdefs.h.  */
| #include <ac_nonexistent.h>
configure:16425: checking whether icc is Clang
configure:16452: result: no
configure:16580: checking whether pthreads work with -pthread
configure:16680: icc -o conftest   -pthread   conftest.c   >&5
configure:16680: $? = 0
configure:16690: result: yes
configure:16710: checking for joinable pthread attribute
configure:16729: icc -o conftest   -pthread   conftest.c   >&5
configure:16729: $? = 0
configure:16738: result: PTHREAD_CREATE_JOINABLE
configure:16751: checking whether more special flags are required for pthreads
configure:16765: result: no
configure:16774: checking for PTHREAD_PRIO_INHERIT
configure:16791: icc -o conftest   -pthread   conftest.c   >&5
configure:16791: $? = 0
configure:16801: result: yes
configure:16910: checking for preprocessor symbol for function name
configure:16929: icc -c    conftest.c >&5
configure:16929: $? = 0
configure:16959: result: __func__
configure:16965: checking for C global variable containing the name of the program
configure:16993: icc -o conftest     conftest.c  >&5
configure:16993: $? = 0
configure:17008: result: __progname
configure:17042: checking whether icc supports #pragma weak
configure:17066: icc -o conftest     conftest.c  >&5
configure:17066: $? = 0
configure:17076: result: yes
configure:17114: checking for union semun in sys/sem.h
configure:17134: icc -c    conftest.c >&5
conftest.c(109): error: incomplete type is not allowed
  union semun arg;
              ^

compilation aborted for conftest.c (code 2)
configure:17134: $? = 2
configure: failed program was:
| /* confdefs.h */
| #define PACKAGE_NAME "Global Arrays (GA)"
| #define PACKAGE_TARNAME "ga"
| #define PACKAGE_VERSION "5.8.0"
| #define PACKAGE_STRING "Global Arrays (GA) 5.8.0"
| #define PACKAGE_BUGREPORT "hpctools@pnl.gov"
| #define PACKAGE_URL "http://hpc.pnl.gov/globalarrays/"
| #define LINUX 1
| #define SYSV 1
| #define PACKAGE "ga"
| #define VERSION "5.8.0"
| #define MSG_COMMS_MPI 1
| #define ENABLE_PEIGS 1
| #define ENABLE_EISPACK 0
| #define ENABLE_PROFILING 0
| #define HAVE_STDIO_H 1
| #define HAVE_STDLIB_H 1
| #define HAVE_STRING_H 1
| #define HAVE_INTTYPES_H 1
| #define HAVE_STDINT_H 1
| #define HAVE_STRINGS_H 1
| #define HAVE_SYS_STAT_H 1
| #define HAVE_SYS_TYPES_H 1
| #define HAVE_UNISTD_H 1
| #define HAVE_WCHAR_H 1
| #define HAVE_SYS_PARAM_H 1
| #define HAVE_SYS_SELECT_H 1
| #define HAVE_SYS_SOCKET_H 1
| #define STDC_HEADERS 1
| #define _ALL_SOURCE 1
| #define _DARWIN_C_SOURCE 1
| #define _GNU_SOURCE 1
| #define _HPUX_ALT_XOPEN_SOCKET_API 1
| #define _NETBSD_SOURCE 1
| #define _OPENBSD_SOURCE 1
| #define _POSIX_PTHREAD_SEMANTICS 1
| #define __STDC_WANT_IEC_60559_ATTRIBS_EXT__ 1
| #define __STDC_WANT_IEC_60559_BFP_EXT__ 1
| #define __STDC_WANT_IEC_60559_DFP_EXT__ 1
| #define __STDC_WANT_IEC_60559_FUNCS_EXT__ 1
| #define __STDC_WANT_IEC_60559_TYPES_EXT__ 1
| #define __STDC_WANT_LIB_EXT2__ 1
| #define __STDC_WANT_MATH_SPEC_FUNCS__ 1
| #define _TANDEM_SOURCE 1
| #define __EXTENSIONS__ 1
| #define LINUX64 1
| #define HAVE_ARMCI_GROUP_COMM 1
| #define HAVE_ARMCI_INITIALIZED 1
| #define HAVE_ARMCI_NOTIFY 1
| #define HAVE_ARMCI_MSG_INIT 1
| #define HAVE_ARMCI_MSG_FINALIZE 1
| #define HAVE_ARMCI_STRIDE_INFO_INIT 1
| #define NEED_DELAY_TCGMSG_MPI_STARTUP 0
| #define HAVE_DIRENT_H 1
| #define HAVE__BOOL 1
| #define HAVE_STDBOOL_H 1
| #define HAVE_SYS_WAIT_H 1
| #define HAVE_ASSERT_H 1
| #define HAVE_ERRNO_H 1
| #define HAVE_FCNTL_H 1
| #define HAVE_FFIO_H 0
| #define HAVE_LIMITS_H 1
| #define HAVE_LINUX_LIMITS_H 1
| #define HAVE_MALLOC_H 1
| #define HAVE_MATH_H 1
| #define HAVE_STDDEF_H 1
| #define HAVE_STDINT_H 1
| #define HAVE_STDIO_H 1
| #define HAVE_STDLIB_H 1
| #define HAVE_STRING_H 1
| #define HAVE_STRINGS_H 1
| #define HAVE_SYS_FILE_H 1
| #define HAVE_SYS_FSID_H 0
| #define HAVE_SYS_FSTYP_H 0
| #define HAVE_SYS_IOCTL_H 1
| #define HAVE_SYS_IOSW_H 0
| #define HAVE_SYS_IPC_H 1
| #define HAVE_SYS_MMAN_H 1
| #define HAVE_SYS_MOUNT_H 1
| #define HAVE_SYS_PARAM_H 1
| #define HAVE_SYS_SEM_H 1
| #define HAVE_SYS_SHM_H 1
| #define HAVE_SYS_STATFS_H 1
| #define HAVE_SYS_STAT_H 1
| #define HAVE_SYS_STATVFS_H 1
| #define HAVE_SYS_TIME_H 1
| #define HAVE_SYS_TYPES_H 1
| #define HAVE_SYS_VFS_H 1
| #define HAVE_TIME_H 1
| #define HAVE_UNISTD_H 1
| #define HAVE_WINDOWS_H 0
| #define restrict __restrict__
| #define HAVE_LONG_DOUBLE 1
| #define RETSIGTYPE void
| #define HAVE_FSEEKO 1
| #define HAVE_PTHREAD_PRIO_INHERIT 1
| #define HAVE_PTHREAD 1
| #define FUNCTION_NAME __func__
| #define HAVE_PROGNAME 1
| #define PROGNAME __progname
| #define HAVE_SYS_WEAK_ALIAS_PRAGMA 1
| /* end confdefs.h.  */
| #include <sys/types.h>
| #include <sys/ipc.h>
| #include <sys/sem.h>
| int
| main (void)
| {
| union semun arg;
| semctl(0, 0, 0, arg);
|   ;
|   return 0;
| }
configure:17142: result: no
configure:17152: checking for -fno-aggressive-loop-optimizations support in C compiler
configure:17178: icc -o conftest   -fno-aggressive-loop-optimizations   conftest.c  >&5
icc: command line warning #10006: ignoring unknown option '-fno-aggressive-loop-optimizations'
configure:17178: $? = 0
configure: failed program was:
| /* confdefs.h */
| #define PACKAGE_NAME "Global Arrays (GA)"
| #define PACKAGE_TARNAME "ga"
| #define PACKAGE_VERSION "5.8.0"
| #define PACKAGE_STRING "Global Arrays (GA) 5.8.0"
| #define PACKAGE_BUGREPORT "hpctools@pnl.gov"
| #define PACKAGE_URL "http://hpc.pnl.gov/globalarrays/"
| #define LINUX 1
| #define SYSV 1
| #define PACKAGE "ga"
| #define VERSION "5.8.0"
| #define MSG_COMMS_MPI 1
| #define ENABLE_PEIGS 1
| #define ENABLE_EISPACK 0
| #define ENABLE_PROFILING 0
| #define HAVE_STDIO_H 1
| #define HAVE_STDLIB_H 1
| #define HAVE_STRING_H 1
| #define HAVE_INTTYPES_H 1
| #define HAVE_STDINT_H 1
| #define HAVE_STRINGS_H 1
| #define HAVE_SYS_STAT_H 1
| #define HAVE_SYS_TYPES_H 1
| #define HAVE_UNISTD_H 1
| #define HAVE_WCHAR_H 1
| #define HAVE_SYS_PARAM_H 1
| #define HAVE_SYS_SELECT_H 1
| #define HAVE_SYS_SOCKET_H 1
| #define STDC_HEADERS 1
| #define _ALL_SOURCE 1
| #define _DARWIN_C_SOURCE 1
| #define _GNU_SOURCE 1
| #define _HPUX_ALT_XOPEN_SOCKET_API 1
| #define _NETBSD_SOURCE 1
| #define _OPENBSD_SOURCE 1
| #define _POSIX_PTHREAD_SEMANTICS 1
| #define __STDC_WANT_IEC_60559_ATTRIBS_EXT__ 1
| #define __STDC_WANT_IEC_60559_BFP_EXT__ 1
| #define __STDC_WANT_IEC_60559_DFP_EXT__ 1
| #define __STDC_WANT_IEC_60559_FUNCS_EXT__ 1
| #define __STDC_WANT_IEC_60559_TYPES_EXT__ 1
| #define __STDC_WANT_LIB_EXT2__ 1
| #define __STDC_WANT_MATH_SPEC_FUNCS__ 1
| #define _TANDEM_SOURCE 1
| #define __EXTENSIONS__ 1
| #define LINUX64 1
| #define HAVE_ARMCI_GROUP_COMM 1
| #define HAVE_ARMCI_INITIALIZED 1
| #define HAVE_ARMCI_NOTIFY 1
| #define HAVE_ARMCI_MSG_INIT 1
| #define HAVE_ARMCI_MSG_FINALIZE 1
| #define HAVE_ARMCI_STRIDE_INFO_INIT 1
| #define NEED_DELAY_TCGMSG_MPI_STARTUP 0
| #define HAVE_DIRENT_H 1
| #define HAVE__BOOL 1
| #define HAVE_STDBOOL_H 1
| #define HAVE_SYS_WAIT_H 1
| #define HAVE_ASSERT_H 1
| #define HAVE_ERRNO_H 1
| #define HAVE_FCNTL_H 1
| #define HAVE_FFIO_H 0
| #define HAVE_LIMITS_H 1
| #define HAVE_LINUX_LIMITS_H 1
| #define HAVE_MALLOC_H 1
| #define HAVE_MATH_H 1
| #define HAVE_STDDEF_H 1
| #define HAVE_STDINT_H 1
| #define HAVE_STDIO_H 1
| #define HAVE_STDLIB_H 1
| #define HAVE_STRING_H 1
| #define HAVE_STRINGS_H 1
| #define HAVE_SYS_FILE_H 1
| #define HAVE_SYS_FSID_H 0
| #define HAVE_SYS_FSTYP_H 0
| #define HAVE_SYS_IOCTL_H 1
| #define HAVE_SYS_IOSW_H 0
| #define HAVE_SYS_IPC_H 1
| #define HAVE_SYS_MMAN_H 1
| #define HAVE_SYS_MOUNT_H 1
| #define HAVE_SYS_PARAM_H 1
| #define HAVE_SYS_SEM_H 1
| #define HAVE_SYS_SHM_H 1
| #define HAVE_SYS_STATFS_H 1
| #define HAVE_SYS_STAT_H 1
| #define HAVE_SYS_STATVFS_H 1
| #define HAVE_SYS_TIME_H 1
| #define HAVE_SYS_TYPES_H 1
| #define HAVE_SYS_VFS_H 1
| #define HAVE_TIME_H 1
| #define HAVE_UNISTD_H 1
| #define HAVE_WINDOWS_H 0
| #define restrict __restrict__
| #define HAVE_LONG_DOUBLE 1
| #define RETSIGTYPE void
| #define HAVE_FSEEKO 1
| #define HAVE_PTHREAD_PRIO_INHERIT 1
| #define HAVE_PTHREAD 1
| #define FUNCTION_NAME __func__
| #define HAVE_PROGNAME 1
| #define PROGNAME __progname
| #define HAVE_SYS_WEAK_ALIAS_PRAGMA 1
| /* end confdefs.h.  */
| 
| int
| main (void)
| {
| 
|   ;
|   return 0;
| }
configure:17189: result: 
configure:17195: checking for -fno-tree-slp-vectorize support in C compiler
configure:17221: icc -o conftest   -fno-tree-slp-vectorize   conftest.c  >&5
icc: command line warning #10006: ignoring unknown option '-fno-tree-slp-vectorize'
configure:17221: $? = 0
configure: failed program was:
| /* confdefs.h */
| #define PACKAGE_NAME "Global Arrays (GA)"
| #define PACKAGE_TARNAME "ga"
| #define PACKAGE_VERSION "5.8.0"
| #define PACKAGE_STRING "Global Arrays (GA) 5.8.0"
| #define PACKAGE_BUGREPORT "hpctools@pnl.gov"
| #define PACKAGE_URL "http://hpc.pnl.gov/globalarrays/"
| #define LINUX 1
| #define SYSV 1
| #define PACKAGE "ga"
| #define VERSION "5.8.0"
| #define MSG_COMMS_MPI 1
| #define ENABLE_PEIGS 1
| #define ENABLE_EISPACK 0
| #define ENABLE_PROFILING 0
| #define HAVE_STDIO_H 1
| #define HAVE_STDLIB_H 1
| #define HAVE_STRING_H 1
| #define HAVE_INTTYPES_H 1
| #define HAVE_STDINT_H 1
| #define HAVE_STRINGS_H 1
| #define HAVE_SYS_STAT_H 1
| #define HAVE_SYS_TYPES_H 1
| #define HAVE_UNISTD_H 1
| #define HAVE_WCHAR_H 1
| #define HAVE_SYS_PARAM_H 1
| #define HAVE_SYS_SELECT_H 1
| #define HAVE_SYS_SOCKET_H 1
| #define STDC_HEADERS 1
| #define _ALL_SOURCE 1
| #define _DARWIN_C_SOURCE 1
| #define _GNU_SOURCE 1
| #define _HPUX_ALT_XOPEN_SOCKET_API 1
| #define _NETBSD_SOURCE 1
| #define _OPENBSD_SOURCE 1
| #define _POSIX_PTHREAD_SEMANTICS 1
| #define __STDC_WANT_IEC_60559_ATTRIBS_EXT__ 1
| #define __STDC_WANT_IEC_60559_BFP_EXT__ 1
| #define __STDC_WANT_IEC_60559_DFP_EXT__ 1
| #define __STDC_WANT_IEC_60559_FUNCS_EXT__ 1
| #define __STDC_WANT_IEC_60559_TYPES_EXT__ 1
| #define __STDC_WANT_LIB_EXT2__ 1
| #define __STDC_WANT_MATH_SPEC_FUNCS__ 1
| #define _TANDEM_SOURCE 1
| #define __EXTENSIONS__ 1
| #define LINUX64 1
| #define HAVE_ARMCI_GROUP_COMM 1
| #define HAVE_ARMCI_INITIALIZED 1
| #define HAVE_ARMCI_NOTIFY 1
| #define HAVE_ARMCI_MSG_INIT 1
| #define HAVE_ARMCI_MSG_FINALIZE 1
| #define HAVE_ARMCI_STRIDE_INFO_INIT 1
| #define NEED_DELAY_TCGMSG_MPI_STARTUP 0
| #define HAVE_DIRENT_H 1
| #define HAVE__BOOL 1
| #define HAVE_STDBOOL_H 1
| #define HAVE_SYS_WAIT_H 1
| #define HAVE_ASSERT_H 1
| #define HAVE_ERRNO_H 1
| #define HAVE_FCNTL_H 1
| #define HAVE_FFIO_H 0
| #define HAVE_LIMITS_H 1
| #define HAVE_LINUX_LIMITS_H 1
| #define HAVE_MALLOC_H 1
| #define HAVE_MATH_H 1
| #define HAVE_STDDEF_H 1
| #define HAVE_STDINT_H 1
| #define HAVE_STDIO_H 1
| #define HAVE_STDLIB_H 1
| #define HAVE_STRING_H 1
| #define HAVE_STRINGS_H 1
| #define HAVE_SYS_FILE_H 1
| #define HAVE_SYS_FSID_H 0
| #define HAVE_SYS_FSTYP_H 0
| #define HAVE_SYS_IOCTL_H 1
| #define HAVE_SYS_IOSW_H 0
| #define HAVE_SYS_IPC_H 1
| #define HAVE_SYS_MMAN_H 1
| #define HAVE_SYS_MOUNT_H 1
| #define HAVE_SYS_PARAM_H 1
| #define HAVE_SYS_SEM_H 1
| #define HAVE_SYS_SHM_H 1
| #define HAVE_SYS_STATFS_H 1
| #define HAVE_SYS_STAT_H 1
| #define HAVE_SYS_STATVFS_H 1
| #define HAVE_SYS_TIME_H 1
| #define HAVE_SYS_TYPES_H 1
| #define HAVE_SYS_VFS_H 1
| #define HAVE_TIME_H 1
| #define HAVE_UNISTD_H 1
| #define HAVE_WINDOWS_H 0
| #define restrict __restrict__
| #define HAVE_LONG_DOUBLE 1
| #define RETSIGTYPE void
| #define HAVE_FSEEKO 1
| #define HAVE_PTHREAD_PRIO_INHERIT 1
| #define HAVE_PTHREAD 1
| #define FUNCTION_NAME __func__
| #define HAVE_PROGNAME 1
| #define PROGNAME __progname
| #define HAVE_SYS_WEAK_ALIAS_PRAGMA 1
| /* end confdefs.h.  */
| 
| int
| main (void)
| {
| 
|   ;
|   return 0;
| }
configure:17232: result: 
configure:17243: checking size of void*
configure:17249: icc -o conftest     conftest.c  >&5
configure:17249: $? = 0
configure:17249: ./conftest
configure:17249: $? = 0
configure:17264: result: 8
configure:17276: checking size of char
configure:17282: icc -o conftest     conftest.c  >&5
configure:17282: $? = 0
configure:17282: ./conftest
configure:17282: $? = 0
configure:17297: result: 1
configure:17309: checking size of short
configure:17315: icc -o conftest     conftest.c  >&5
configure:17315: $? = 0
configure:17315: ./conftest
configure:17315: $? = 0
configure:17330: result: 2
configure:17342: checking size of int
configure:17348: icc -o conftest     conftest.c  >&5
configure:17348: $? = 0
configure:17348: ./conftest
configure:17348: $? = 0
configure:17363: result: 4
configure:17375: checking size of long
configure:17381: icc -o conftest     conftest.c  >&5
configure:17381: $? = 0
configure:17381: ./conftest
configure:17381: $? = 0
configure:17396: result: 8
configure:17408: checking size of long long
configure:17414: icc -o conftest     conftest.c  >&5
configure:17414: $? = 0
configure:17414: ./conftest
configure:17414: $? = 0
configure:17429: result: 8
configure:17441: checking size of float
configure:17447: icc -o conftest     conftest.c  >&5
configure:17447: $? = 0
configure:17447: ./conftest
configure:17447: $? = 0
configure:17462: result: 4
configure:17474: checking size of double
configure:17480: icc -o conftest     conftest.c  >&5
configure:17480: $? = 0
configure:17480: ./conftest
configure:17480: $? = 0
configure:17495: result: 8
configure:17509: checking size of long double
configure:17515: icc -o conftest     conftest.c  >&5
configure:17515: $? = 0
configure:17515: ./conftest
configure:17515: $? = 0
configure:17530: result: 16
configure:17539: checking for smallest C integer matching void*
configure:17561: result: long
configure:17573: checking for fork
configure:17573: icc -o conftest     conftest.c  >&5
configure:17573: $? = 0
configure:17573: result: yes
configure:17573: checking for vfork
configure:17573: icc -o conftest     conftest.c  >&5
configure:17573: $? = 0
configure:17573: result: yes
configure:17573: checking for getpagesize
configure:17573: icc -o conftest     conftest.c  >&5
configure:17573: $? = 0
configure:17573: result: yes
configure:17586: checking for working fork
configure:17610: icc -o conftest     conftest.c  >&5

## ---------------- ##
## Cache variables. ##
## ---------------- ##

ac_cv_build=x86_64-pc-linux-gnu
ac_cv_c_compiler_gnu=yes
ac_cv_c_const=yes
ac_cv_c_inline=inline
ac_cv_c_int64_t=yes
ac_cv_c_restrict=__restrict__
ac_cv_c_volatile=yes
ac_cv_env_AR_FLAGS_set=
ac_cv_env_AR_FLAGS_value=
ac_cv_env_AR_set=
ac_cv_env_AR_value=
ac_cv_env_CCASFLAGS_set=
ac_cv_env_CCASFLAGS_value=
ac_cv_env_CCAS_set=
ac_cv_env_CCAS_value=
ac_cv_env_CCC_set=
ac_cv_env_CCC_value=
ac_cv_env_CC_set=set
ac_cv_env_CC_value=icc
ac_cv_env_CFLAGS_set=
ac_cv_env_CFLAGS_value=
ac_cv_env_CPPFLAGS_set=
ac_cv_env_CPPFLAGS_value=
ac_cv_env_CPP_set=
ac_cv_env_CPP_value=
ac_cv_env_CXXCPP_set=
ac_cv_env_CXXCPP_value=
ac_cv_env_CXXFLAGS_set=
ac_cv_env_CXXFLAGS_value=
ac_cv_env_CXX_set=set
ac_cv_env_CXX_value=g++
ac_cv_env_F2C_HIDDEN_STRING_LENGTH_AFTER_ARGS_set=
ac_cv_env_F2C_HIDDEN_STRING_LENGTH_AFTER_ARGS_value=
ac_cv_env_F77_set=set
ac_cv_env_F77_value=ifort
ac_cv_env_FFLAGS_set=set
ac_cv_env_FFLAGS_value=-fPIC
ac_cv_env_FFLAG_INT_set=
ac_cv_env_FFLAG_INT_value=
ac_cv_env_GA_COPT_set=
ac_cv_env_GA_COPT_value=
ac_cv_env_GA_CXXOPT_set=
ac_cv_env_GA_CXXOPT_value=
ac_cv_env_GA_FOPT_set=
ac_cv_env_GA_FOPT_value=
ac_cv_env_LDFLAGS_set=
ac_cv_env_LDFLAGS_value=
ac_cv_env_LIBS_set=
ac_cv_env_LIBS_value=
ac_cv_env_LT_SYS_LIBRARY_PATH_set=
ac_cv_env_LT_SYS_LIBRARY_PATH_value=
ac_cv_env_MPICC_set=
ac_cv_env_MPICC_value=
ac_cv_env_MPICXX_set=
ac_cv_env_MPICXX_value=
ac_cv_env_MPIEXEC_set=
ac_cv_env_MPIEXEC_value=
ac_cv_env_MPIF77_set=
ac_cv_env_MPIF77_value=
ac_cv_env_NPROCS_set=
ac_cv_env_NPROCS_value=
ac_cv_env_RANLIB_set=
ac_cv_env_RANLIB_value=
ac_cv_env_THREAD_LIBRARY_set=
ac_cv_env_THREAD_LIBRARY_value=
ac_cv_env_XMKMF_set=
ac_cv_env_XMKMF_value=
ac_cv_env_build_alias_set=
ac_cv_env_build_alias_value=
ac_cv_env_host_alias_set=
ac_cv_env_host_alias_value=
ac_cv_env_target_alias_set=
ac_cv_env_target_alias_value=
ac_cv_func_fork=yes
ac_cv_func_getpagesize=yes
ac_cv_func_vfork=yes
ac_cv_header_assert_h=yes
ac_cv_header_dirent_dirent_h=yes
ac_cv_header_errno_h=yes
ac_cv_header_fcntl_h=yes
ac_cv_header_ffio_h=no
ac_cv_header_inttypes_h=yes
ac_cv_header_limits_h=yes
ac_cv_header_linux_limits_h=yes
ac_cv_header_malloc_h=yes
ac_cv_header_math_h=yes
ac_cv_header_minix_config_h=no
ac_cv_header_stdbool_h=yes
ac_cv_header_stddef_h=yes
ac_cv_header_stdint_h=yes
ac_cv_header_stdio_h=yes
ac_cv_header_stdlib_h=yes
ac_cv_header_string_h=yes
ac_cv_header_strings_h=yes
ac_cv_header_sys_file_h=yes
ac_cv_header_sys_fsid_h=no
ac_cv_header_sys_fstyp_h=no
ac_cv_header_sys_ioctl_h=yes
ac_cv_header_sys_iosw_h=no
ac_cv_header_sys_ipc_h=yes
ac_cv_header_sys_mman_h=yes
ac_cv_header_sys_mount_h=yes
ac_cv_header_sys_param_h=yes
ac_cv_header_sys_select_h=yes
ac_cv_header_sys_sem_h=yes
ac_cv_header_sys_shm_h=yes
ac_cv_header_sys_socket_h=yes
ac_cv_header_sys_stat_h=yes
ac_cv_header_sys_statfs_h=yes
ac_cv_header_sys_statvfs_h=yes
ac_cv_header_sys_time_h=yes
ac_cv_header_sys_types_h=yes
ac_cv_header_sys_vfs_h=yes
ac_cv_header_sys_wait_h=yes
ac_cv_header_time_h=yes
ac_cv_header_unistd_h=yes
ac_cv_header_vfork_h=no
ac_cv_header_wchar_h=yes
ac_cv_header_windows_h=no
ac_cv_host=x86_64-pc-linux-gnu
ac_cv_objext=o
ac_cv_path_EGREP='/usr/bin/grep -E'
ac_cv_path_GREP=/usr/bin/grep
ac_cv_path_SED=/usr/bin/sed
ac_cv_path_install='/usr/bin/install -c'
ac_cv_path_mkdir=/usr/bin/mkdir
ac_cv_prog_AWK=mawk
ac_cv_prog_CPP='icc -E'
ac_cv_prog_c_openmp=-fopenmp
ac_cv_prog_cc_c11=
ac_cv_prog_cc_g=yes
ac_cv_prog_cc_stdc=
ac_cv_prog_make_make_set=yes
ac_cv_safe_to_define___extensions__=yes
ac_cv_search_opendir='none required'
ac_cv_should_define__xopen_source=no
ac_cv_sizeof_char=1
ac_cv_sizeof_double=8
ac_cv_sizeof_float=4
ac_cv_sizeof_int=4
ac_cv_sizeof_long=8
ac_cv_sizeof_long_double=16
ac_cv_sizeof_long_long=8
ac_cv_sizeof_short=2
ac_cv_sizeof_voidp=8
ac_cv_sys_file_offset_bits=no
ac_cv_sys_largefile_CC=no
ac_cv_sys_largefile_source=no
ac_cv_type__Bool=yes
ac_cv_type_long_double=yes
ac_cv_type_off_t=yes
ac_cv_type_pid_t=yes
ac_cv_type_signal=void
ac_cv_type_size_t=yes
am_cv_CC_dependencies_compiler_type=gcc3
am_cv_make_support_nested_variables=yes
ax_cv_PTHREAD_CLANG=no
ax_cv_PTHREAD_JOINABLE_ATTR=PTHREAD_CREATE_JOINABLE
ax_cv_PTHREAD_PRIO_INHERIT=yes
ax_cv_PTHREAD_SPECIAL_FLAGS=no
ax_cv_sys_weak_alias_pragma=yes
ga_cv_c_compiler_vendor=intel
ga_cv_c_gnu_loop_opt=
ga_cv_c_gnu_loop_vect=
ga_cv_c_mpi_test_compile=yes
ga_cv_c_pointer_as_integer=long
ga_cv_cpp_function=__func__
ga_cv_cross_compiling=no
ga_cv_progname=__progname
ga_cv_sysv=yes
ga_cv_sysv_hack=no
ga_cv_target=LINUX64
ga_cv_target_base=LINUX
ga_cv_union_semun=no

## ----------------- ##
## Output variables. ##
## ----------------- ##

ACLOCAL='${SHELL} /home/ondra_d/CODE/nwchem/src/tools/ga-5.8.2/build-aux/missing --run aclocal-1.11'
AMDEPBACKSLASH='\'
AMDEP_FALSE='#'
AMDEP_TRUE=''
AMTAR='$${TAR-tar}'
AM_BACKSLASH='\'
AM_DEFAULT_V='$(AM_DEFAULT_VERBOSITY)'
AM_DEFAULT_VERBOSITY='0'
AM_V='$(V)'
AR=''
ARMCI_NETWORK_ARMCI_FALSE=''
ARMCI_NETWORK_ARMCI_TRUE='#'
ARMCI_NETWORK_COMEX_FALSE='#'
ARMCI_NETWORK_COMEX_TRUE=''
ARMCI_NETWORK_CPPFLAGS=''
ARMCI_NETWORK_CRAY_SHMEM_FALSE=''
ARMCI_NETWORK_CRAY_SHMEM_TRUE='#'
ARMCI_NETWORK_DMAPP_FALSE=''
ARMCI_NETWORK_DMAPP_TRUE='#'
ARMCI_NETWORK_EXTERNAL_FALSE='#'
ARMCI_NETWORK_EXTERNAL_TRUE=''
ARMCI_NETWORK_GEMINI_FALSE=''
ARMCI_NETWORK_GEMINI_TRUE='#'
ARMCI_NETWORK_LAPI_FALSE=''
ARMCI_NETWORK_LAPI_TRUE='#'
ARMCI_NETWORK_LDFLAGS=''
ARMCI_NETWORK_LIBS=''
ARMCI_NETWORK_MPI3_FALSE=''
ARMCI_NETWORK_MPI3_TRUE='#'
ARMCI_NETWORK_MPI_MT_FALSE=''
ARMCI_NETWORK_MPI_MT_TRUE='#'
ARMCI_NETWORK_MPI_PR_FALSE=''
ARMCI_NETWORK_MPI_PR_TRUE='#'
ARMCI_NETWORK_MPI_PT_FALSE=''
ARMCI_NETWORK_MPI_PT_TRUE='#'
ARMCI_NETWORK_MPI_SPAWN_FALSE=''
ARMCI_NETWORK_MPI_SPAWN_TRUE='#'
ARMCI_NETWORK_MPI_TS_FALSE='#'
ARMCI_NETWORK_MPI_TS_TRUE=''
ARMCI_NETWORK_OFA_FALSE=''
ARMCI_NETWORK_OFA_TRUE='#'
ARMCI_NETWORK_OFI_FALSE=''
ARMCI_NETWORK_OFI_TRUE='#'
ARMCI_NETWORK_OPENIB_FALSE=''
ARMCI_NETWORK_OPENIB_TRUE='#'
ARMCI_NETWORK_PORTALS4_FALSE=''
ARMCI_NETWORK_PORTALS4_TRUE='#'
ARMCI_NETWORK_PORTALS_FALSE=''
ARMCI_NETWORK_PORTALS_TRUE='#'
ARMCI_NETWORK_SOCKETS_FALSE=''
ARMCI_NETWORK_SOCKETS_TRUE='#'
ARMCI_SRC_DIR='comex'
ARMCI_SRC_DIR_COMEX_FALSE='#'
ARMCI_SRC_DIR_COMEX_TRUE=''
ARMCI_SRC_DIR_GEMINI_FALSE=''
ARMCI_SRC_DIR_GEMINI_TRUE='#'
ARMCI_SRC_DIR_PORTALS_FALSE=''
ARMCI_SRC_DIR_PORTALS_TRUE='#'
ARMCI_SRC_DIR_SRC_FALSE=''
ARMCI_SRC_DIR_SRC_TRUE='#'
AR_FLAGS=''
AUTOCONF='${SHELL} /home/ondra_d/CODE/nwchem/src/tools/ga-5.8.2/build-aux/missing --run autoconf'
AUTOHEADER='${SHELL} /home/ondra_d/CODE/nwchem/src/tools/ga-5.8.2/build-aux/missing --run autoheader'
AUTOMAKE='${SHELL} /home/ondra_d/CODE/nwchem/src/tools/ga-5.8.2/build-aux/missing --run automake-1.11'
AWK='mawk'
BGL_FALSE=''
BGL_TRUE='#'
BGP_FALSE=''
BGP_TRUE='#'
BLAS_CPPFLAGS=''
BLAS_LDFLAGS=''
BLAS_LIBS=''
CATAMOUNT_FALSE=''
CATAMOUNT_TRUE='#'
CC='icc'
CCAS=''
CCASDEPMODE=''
CCASFLAGS=''
CCDEPMODE='depmode=gcc3'
CFLAGS=' '
CFLAG_NO_LOOP_OPT=''
CFLAG_NO_LOOP_VECT=''
CPP='icc -E'
CPPFLAGS=''
CRAY_SV1_FALSE=''
CRAY_SV1_TRUE='#'
CRAY_SV2_FALSE=''
CRAY_SV2_TRUE='#'
CRAY_T3E_FALSE=''
CRAY_T3E_TRUE='#'
CRAY_XT_FALSE=''
CRAY_XT_NETWORKS_FALSE=''
CRAY_XT_NETWORKS_TRUE='#'
CRAY_XT_TRUE='#'
CRAY_YMP_FALSE=''
CRAY_YMP_TRUE='#'
CROSS_COMPILING_FALSE=''
CROSS_COMPILING_TRUE='#'
CXX='g++'
CXXCPP=''
CXXDEPMODE=''
CXXFLAGS=''
CXX_BINDINGS_FALSE=''
CXX_BINDINGS_TRUE='#'
CXX_NAMESPACES_FALSE=''
CXX_NAMESPACES_TRUE=''
CYGNUS_FALSE=''
CYGNUS_TRUE='#'
CYGPATH_W='echo'
CYGWIN_FALSE=''
CYGWIN_TRUE='#'
C_POINTER_AS_INTEGER='long'
DECOSF_FALSE=''
DECOSF_TRUE='#'
DEFS=''
DEPDIR='.deps'
DLLTOOL=''
DSYMUTIL=''
DUMPBIN=''
ECHO_C=''
ECHO_N='-n'
ECHO_T=''
EGREP='/usr/bin/grep -E'
ELPA_CPPFLAGS=''
ELPA_LDFLAGS=''
ELPA_LIBS=''
ENABLE_ARMCI_MEM_OPTION_FALSE=''
ENABLE_ARMCI_MEM_OPTION_TRUE=''
ENABLE_CHECKPOINT_FALSE=''
ENABLE_CHECKPOINT_TRUE='#'
ENABLE_CUDA_MEM_FALSE=''
ENABLE_CUDA_MEM_TRUE=''
ENABLE_EISPACK_FALSE=''
ENABLE_EISPACK_TRUE='#'
ENABLE_F77_FALSE=''
ENABLE_F77_TRUE=''
ENABLE_GPARRAYS_FALSE=''
ENABLE_GPARRAYS_TRUE=''
ENABLE_PEIGS_FALSE='#'
ENABLE_PEIGS_TRUE=''
ENABLE_PROFILING_FALSE=''
ENABLE_PROFILING_TRUE='#'
ENABLE_TRACE_FALSE=''
ENABLE_TRACE_TRUE='#'
ENABLE_UNIT_TESTS_FALSE=''
ENABLE_UNIT_TESTS_TRUE='#'
ENABLE_XREGION_FALSE=''
ENABLE_XREGION_TRUE=''
EXEEXT='.x'
F2C_DOUBLE_PRECISION_C_TYPE=''
F2C_GETARG=''
F2C_HIDDEN_STRING_LENGTH_AFTER_ARGS=''
F2C_IARGC=''
F2C_INTEGER_C_TYPE=''
F2C_REAL_C_TYPE=''
F77='ifort'
F77LINK=''
F77_INTEL_NO_INLINE_FALSE=''
F77_INTEL_NO_INLINE_TRUE=''
FFLAGS='-fPIC'
FFLAG_INT=''
FFLAG_NO_LOOP_OPT=''
FFLAG_NO_LOOP_VECT=''
FGREP=''
FLD_NOMAIN=''
FLIBS=''
FUJITSU_VPP_FALSE=''
FUJITSU_VPP_TRUE='#'
GA_ACCESS_INDEX_TYPE=''
GA_COPT=''
GA_CXXOPT=''
GA_CXX_WARN=''
GA_C_WARN=''
GA_FOPT=''
GA_F_WARN=''
GA_MP_CPPFLAGS=' -I/apps/openmpi/openmpi-4.1.1/arch/x86_64-intel_19.1.3/include -I/apps/openmpi/openmpi-4.1.1/arch/x86_64-intel_19.1.3/lib'
GA_MP_LDFLAGS=' -L/apps/openmpi/openmpi-4.1.1/arch/x86_64-intel_19.1.3/lib'
GA_MP_LIBS=' -lmpi_usempif08 -lmpi_usempi_ignore_tkr -lmpi_mpifh -lmpi'
GREP='/usr/bin/grep'
HAVE_ARMCI_GROUP_COMM_FALSE='#'
HAVE_ARMCI_GROUP_COMM_MEMBER_FALSE=''
HAVE_ARMCI_GROUP_COMM_MEMBER_TRUE='#'
HAVE_ARMCI_GROUP_COMM_TRUE=''
HAVE_ARMCI_INITIALIZED_FALSE='#'
HAVE_ARMCI_INITIALIZED_TRUE=''
HAVE_ARMCI_MSG_FINALIZE_FALSE='#'
HAVE_ARMCI_MSG_FINALIZE_TRUE=''
HAVE_ARMCI_MSG_INIT_FALSE='#'
HAVE_ARMCI_MSG_INIT_TRUE=''
HAVE_ARMCI_NOTIFY_FALSE='#'
HAVE_ARMCI_NOTIFY_TRUE=''
HAVE_ARMCI_STRIDE_INFO_INIT_FALSE='#'
HAVE_ARMCI_STRIDE_INFO_INIT_TRUE=''
HAVE_BLAS_FALSE=''
HAVE_BLAS_TRUE=''
HAVE_ELPA_2015_FALSE=''
HAVE_ELPA_2015_TRUE=''
HAVE_ELPA_2016_FALSE=''
HAVE_ELPA_2016_TRUE=''
HAVE_ELPA_2017_FALSE=''
HAVE_ELPA_2017_TRUE=''
HAVE_ELPA_FALSE=''
HAVE_ELPA_TRUE=''
HAVE_LAPACK_FALSE=''
HAVE_LAPACK_TRUE=''
HAVE_M4_FALSE=''
HAVE_M4_TRUE=''
HAVE_PERL_FALSE=''
HAVE_PERL_TRUE=''
HAVE_SCALAPACK_FALSE=''
HAVE_SCALAPACK_TRUE=''
HAVE_SYS_WEAK_ALIAS_PRAGMA_FALSE='#'
HAVE_SYS_WEAK_ALIAS_PRAGMA_TRUE=''
HITACHI_FALSE=''
HITACHI_TRUE='#'
HPUX_FALSE=''
HPUX_TRUE='#'
IBM_FALSE=''
IBM_TRUE='#'
INSTALL_DATA='${INSTALL} -m 644'
INSTALL_PROGRAM='${INSTALL}'
INSTALL_SCRIPT='${INSTALL}'
INSTALL_STRIP_PROGRAM='$(install_sh) -c -s'
INTERIX_FALSE=''
INTERIX_TRUE='#'
LAPACK_CPPFLAGS=''
LAPACK_LDFLAGS=''
LAPACK_LIBS=''
LAPI_FALSE=''
LAPI_TRUE='#'
LD=''
LDFLAGS=''
LIBOBJS=''
LIBS=''
LIBTOOL=''
LINUX_FALSE='#'
LINUX_TRUE=''
LIPO=''
LN_S=''
LTLIBOBJS=''
LTVER='2:1:1'
LT_SYS_LIBRARY_PATH=''
M4=''
MACX_FALSE=''
MACX_TRUE='#'
MAINT='#'
MAINTAINER_MODE_FALSE=''
MAINTAINER_MODE_TRUE='#'
MAKEINFO='${SHELL} /home/ondra_d/CODE/nwchem/src/tools/ga-5.8.2/build-aux/missing --run makeinfo'
MANIFEST_TOOL=''
MA_ACCESS_INDEX_TYPE=''
MA_ACCESS_INDEX_TYPE_C=''
MA_LONG_DOUBLE=''
MINGW_FALSE=''
MINGW_TRUE='#'
MKDIR_P='/usr/bin/mkdir -p'
MPICC=''
MPICXX=''
MPIEXEC=''
MPIF77=''
MSG_COMMS_MPI_FALSE='#'
MSG_COMMS_MPI_TRUE=''
MSG_COMMS_TCGMSG4_FALSE=''
MSG_COMMS_TCGMSG4_TRUE='#'
MSG_COMMS_TCGMSG5_FALSE=''
MSG_COMMS_TCGMSG5_TRUE='#'
NEC_FALSE=''
NEC_TRUE='#'
NM=''
NMEDIT=''
NOFORT_FALSE=''
NOFORT_TRUE=''
NO_X_FALSE=''
NO_X_TRUE=''
NPROCS=''
OBJDUMP=''
OBJEXT='o'
OPENMP_CFLAGS='-fopenmp'
OPENMP_CXXFLAGS=''
OPENMP_FFLAGS=''
OTOOL64=''
OTOOL=''
PACKAGE='ga'
PACKAGE_BUGREPORT='hpctools@pnl.gov'
PACKAGE_NAME='Global Arrays (GA)'
PACKAGE_STRING='Global Arrays (GA) 5.8.0'
PACKAGE_TARNAME='ga'
PACKAGE_URL='http://hpc.pnl.gov/globalarrays/'
PACKAGE_VERSION='5.8.0'
PATH_SEPARATOR=':'
PERL=''
PLOTLIB=''
PTHREAD_CC='icc'
PTHREAD_CFLAGS='-pthread'
PTHREAD_LIBS=''
RANLIB=''
SCALAPACK_CPPFLAGS=''
SCALAPACK_LDFLAGS=''
SCALAPACK_LIBS=''
SED='/usr/bin/sed'
SET_MAKE=''
SGITFP_FALSE=''
SGITFP_TRUE='#'
SGI_FALSE=''
SGI_N32_FALSE=''
SGI_N32_TRUE='#'
SGI_TRUE='#'
SHELL='/bin/bash'
SICM_CPPFLAGS=''
SICM_LDFLAGS=''
SICM_LIBS=''
SOLARIS_FALSE=''
SOLARIS_TRUE='#'
STRIP=''
SYSV_FALSE=''
SYSV_TRUE='#'
TCGEXEC=''
THREAD_LIBRARY=''
THREAD_SAFE_FALSE=''
THREAD_SAFE_TRUE='#'
VERSION='5.8.0'
WITH_SICM_FALSE=''
WITH_SICM_TRUE=''
XMKMF=''
X_CPPFLAGS=''
X_LDFLAGS=''
ac_ct_AR=''
ac_ct_CC=''
ac_ct_CXX=''
ac_ct_DUMPBIN=''
ac_ct_F77=''
am__EXEEXT_FALSE=''
am__EXEEXT_TRUE=''
am__fastdepCCAS_FALSE=''
am__fastdepCCAS_TRUE=''
am__fastdepCC_FALSE='#'
am__fastdepCC_TRUE=''
am__fastdepCXX_FALSE=''
am__fastdepCXX_TRUE=''
am__include='include'
am__isrc=' -I$(srcdir)'
am__leading_dot='.'
am__nodep='_no'
am__quote=''
am__tar='$${TAR-tar} chof - "$$tardir"'
am__untar='$${TAR-tar} xf -'
am__v_F77LD_0=''
ax_pthread_config=''
bindir='${exec_prefix}/bin'
blas_size=''
build='x86_64-pc-linux-gnu'
build_alias=''
build_cpu='x86_64'
build_os='linux-gnu'
build_vendor='pc'
datadir='${datarootdir}'
datarootdir='${prefix}/share'
docdir='${datarootdir}/doc/${PACKAGE_TARNAME}'
dvidir='${docdir}'
enable_peigs='1'
exec_prefix='NONE'
have_blas=''
have_elpa=''
have_elpa_2015=''
have_elpa_2016=''
have_elpa_2017=''
have_lapack=''
have_scalapack=''
have_sicm=''
host='x86_64-pc-linux-gnu'
host_alias=''
host_cpu='x86_64'
host_os='linux-gnu'
host_vendor='pc'
htmldir='${docdir}'
includedir='${prefix}/include'
infodir='${datarootdir}/info'
install_sh='${SHELL} /home/ondra_d/CODE/nwchem/src/tools/ga-5.8.2/build-aux/install-sh'
libdir='${exec_prefix}/lib'
libexecdir='${exec_prefix}/libexec'
localedir='${datarootdir}/locale'
localstatedir='${prefix}/var'
mandir='${datarootdir}/man'
mkdir_p='/usr/bin/mkdir -p'
oldincludedir='/usr/include'
pdfdir='${docdir}'
prefix='/home/ondra_d/CODE/nwchem/src/tools/install'
program_transform_name='s,x,x,'
psdir='${docdir}'
runstatedir='${localstatedir}/run'
sbindir='${exec_prefix}/sbin'
scalapack_size=''
sharedstatedir='${prefix}/com'
subdirs=''
sysconfdir='${prefix}/etc'
target_alias=''
with_sicm_dev=''

## ----------- ##
## confdefs.h. ##
## ----------- ##

/* confdefs.h */
#define PACKAGE_NAME "Global Arrays (GA)"
#define PACKAGE_TARNAME "ga"
#define PACKAGE_VERSION "5.8.0"
#define PACKAGE_STRING "Global Arrays (GA) 5.8.0"
#define PACKAGE_BUGREPORT "hpctools@pnl.gov"
#define PACKAGE_URL "http://hpc.pnl.gov/globalarrays/"
#define LINUX 1
#define SYSV 1
#define PACKAGE "ga"
#define VERSION "5.8.0"
#define MSG_COMMS_MPI 1
#define ENABLE_PEIGS 1
#define ENABLE_EISPACK 0
#define ENABLE_PROFILING 0
#define HAVE_STDIO_H 1
#define HAVE_STDLIB_H 1
#define HAVE_STRING_H 1
#define HAVE_INTTYPES_H 1
#define HAVE_STDINT_H 1
#define HAVE_STRINGS_H 1
#define HAVE_SYS_STAT_H 1
#define HAVE_SYS_TYPES_H 1
#define HAVE_UNISTD_H 1
#define HAVE_WCHAR_H 1
#define HAVE_SYS_PARAM_H 1
#define HAVE_SYS_SELECT_H 1
#define HAVE_SYS_SOCKET_H 1
#define STDC_HEADERS 1
#define _ALL_SOURCE 1
#define _DARWIN_C_SOURCE 1
#define _GNU_SOURCE 1
#define _HPUX_ALT_XOPEN_SOCKET_API 1
#define _NETBSD_SOURCE 1
#define _OPENBSD_SOURCE 1
#define _POSIX_PTHREAD_SEMANTICS 1
#define __STDC_WANT_IEC_60559_ATTRIBS_EXT__ 1
#define __STDC_WANT_IEC_60559_BFP_EXT__ 1
#define __STDC_WANT_IEC_60559_DFP_EXT__ 1
#define __STDC_WANT_IEC_60559_FUNCS_EXT__ 1
#define __STDC_WANT_IEC_60559_TYPES_EXT__ 1
#define __STDC_WANT_LIB_EXT2__ 1
#define __STDC_WANT_MATH_SPEC_FUNCS__ 1
#define _TANDEM_SOURCE 1
#define __EXTENSIONS__ 1
#define LINUX64 1
#define HAVE_ARMCI_GROUP_COMM 1
#define HAVE_ARMCI_INITIALIZED 1
#define HAVE_ARMCI_NOTIFY 1
#define HAVE_ARMCI_MSG_INIT 1
#define HAVE_ARMCI_MSG_FINALIZE 1
#define HAVE_ARMCI_STRIDE_INFO_INIT 1
#define NEED_DELAY_TCGMSG_MPI_STARTUP 0
#define HAVE_DIRENT_H 1
#define HAVE__BOOL 1
#define HAVE_STDBOOL_H 1
#define HAVE_SYS_WAIT_H 1
#define HAVE_ASSERT_H 1
#define HAVE_ERRNO_H 1
#define HAVE_FCNTL_H 1
#define HAVE_FFIO_H 0
#define HAVE_LIMITS_H 1
#define HAVE_LINUX_LIMITS_H 1
#define HAVE_MALLOC_H 1
#define HAVE_MATH_H 1
#define HAVE_STDDEF_H 1
#define HAVE_STDINT_H 1
#define HAVE_STDIO_H 1
#define HAVE_STDLIB_H 1
#define HAVE_STRING_H 1
#define HAVE_STRINGS_H 1
#define HAVE_SYS_FILE_H 1
#define HAVE_SYS_FSID_H 0
#define HAVE_SYS_FSTYP_H 0
#define HAVE_SYS_IOCTL_H 1
#define HAVE_SYS_IOSW_H 0
#define HAVE_SYS_IPC_H 1
#define HAVE_SYS_MMAN_H 1
#define HAVE_SYS_MOUNT_H 1
#define HAVE_SYS_PARAM_H 1
#define HAVE_SYS_SEM_H 1
#define HAVE_SYS_SHM_H 1
#define HAVE_SYS_STATFS_H 1
#define HAVE_SYS_STAT_H 1
#define HAVE_SYS_STATVFS_H 1
#define HAVE_SYS_TIME_H 1
#define HAVE_SYS_TYPES_H 1
#define HAVE_SYS_VFS_H 1
#define HAVE_TIME_H 1
#define HAVE_UNISTD_H 1
#define HAVE_WINDOWS_H 0
#define restrict __restrict__
#define HAVE_LONG_DOUBLE 1
#define RETSIGTYPE void
#define HAVE_FSEEKO 1
#define HAVE_PTHREAD_PRIO_INHERIT 1
#define HAVE_PTHREAD 1
#define FUNCTION_NAME __func__
#define HAVE_PROGNAME 1
#define PROGNAME __progname
#define HAVE_SYS_WEAK_ALIAS_PRAGMA 1
#define SIZEOF_VOIDP 8
#define SIZEOF_CHAR 1
#define SIZEOF_SHORT 2
#define SIZEOF_INT 4
#define SIZEOF_LONG 8
#define SIZEOF_LONG_LONG 8
#define SIZEOF_FLOAT 4
#define SIZEOF_DOUBLE 8
#define SIZEOF_LONG_DOUBLE 16
#define HAVE_FORK 1
#define HAVE_VFORK 1
#define HAVE_GETPAGESIZE 1

configure: caught signal 2
configure: exit 1
